2026-03-22 15:38:29,343 [INFO] Activator:176 - 


2026-03-22 15:38:29,344 [INFO] Activator:177 - !SESSION log4j initialized
2026-03-22 15:38:31,365 [INFO] LogOutputStream:77 - [STDOUT_REDIRECT] 
2026-03-22 15:38:32,573 [INFO] ApplicationProperties:184 - Using Application install path: C:\ST\STM32CubeIDE_1.13.0\STM32CubeIDE\plugins\com.st.stm32cube.common.mx_6.9.0.202307051724
2026-03-22 15:38:32,587 [INFO] DbMcusXml:78 - Set database path to: C:\ST\STM32CubeIDE_1.13.0\STM32CubeIDE\plugins\com.st.stm32cube.common.mx_6.9.0.202307051724\\db\/mcu/
2026-03-22 15:38:32,588 [INFO] ApiDb:274 - Set plugin database path to: C:\ST\STM32CubeIDE_1.13.0\STM32CubeIDE\plugins\com.st.stm32cube.common.mx_6.9.0.202307051724\\db\/plugins/boardmanager/
2026-03-22 15:38:32,590 [WARN] ApiDb:259 - Overriding images path with different value:  => C:\ST\STM32CubeIDE_1.13.0\STM32CubeIDE\plugins\com.st.stm32cube.common.mx_6.9.0.202307051724\\db\/plugins/mcufinder/images/
2026-03-22 15:38:32,598 [INFO] ApiDb:250 - Set database path to: C:\Users\bogda\.stmcufinder\plugins\mcufinder//mcu/
2026-03-22 15:38:32,600 [INFO] DbMcusAds:125 - Set database path to: C:\Users\bogda\.stmcufinder\plugins\mcufinder//mcu/
2026-03-22 15:38:32,602 [INFO] CrossReferenceDbSqlite:203 - Set database path to: C:\Users\bogda\.stmcufinder\plugins\mcufinder//mcu/cs/
2026-03-22 15:38:32,681 [INFO] RulesReader:64 - Compatibility file has been processed (293 Rules)
2026-03-22 15:38:32,735 [INFO] DbMcusXml:78 - Set database path to: C:\ST\STM32CubeIDE_1.13.0\STM32CubeIDE\plugins\com.st.stm32cube.common.mx_6.9.0.202307051724\\db\/mcu/
2026-03-22 15:38:32,736 [INFO] ApiDb:274 - Set plugin database path to: C:\ST\STM32CubeIDE_1.13.0\STM32CubeIDE\plugins\com.st.stm32cube.common.mx_6.9.0.202307051724\\db\/plugins/boardmanager/
2026-03-22 15:38:32,736 [INFO] ApiDb:261 - Set plugin images path to: C:\ST\STM32CubeIDE_1.13.0\STM32CubeIDE\plugins\com.st.stm32cube.common.mx_6.9.0.202307051724\\db\/plugins/mcufinder/images/
2026-03-22 15:38:32,736 [WARN] DbFile:41 - Overriding database path with different value: C:\Users\bogda\.stmcufinder\plugins\mcufinder/ => C:\Users\bogda\.stmcufinder\plugins\mcufinder
2026-03-22 15:38:32,736 [INFO] ApiDb:250 - Set database path to: C:\Users\bogda\.stmcufinder\plugins\mcufinder//mcu/
2026-03-22 15:38:32,736 [WARN] DbFile:41 - Overriding database path with different value: C:\Users\bogda\.stmcufinder\plugins\mcufinder/ => C:\Users\bogda\.stmcufinder\plugins\mcufinder
2026-03-22 15:38:32,736 [INFO] DbMcusAds:125 - Set database path to: C:\Users\bogda\.stmcufinder\plugins\mcufinder//mcu/
2026-03-22 15:38:32,736 [WARN] DbFile:41 - Overriding database path with different value: C:\Users\bogda\.stmcufinder\plugins\mcufinder/ => C:\Users\bogda\.stmcufinder\plugins\mcufinder
2026-03-22 15:38:32,736 [WARN] DbFile:41 - Overriding database path with different value: C:\Users\bogda\.stmcufinder\plugins\mcufinder/ => C:\Users\bogda\.stmcufinder\plugins\mcufinder
2026-03-22 15:38:32,736 [INFO] CrossReferenceDbSqlite:203 - Set database path to: C:\Users\bogda\.stmcufinder\plugins\mcufinder//mcu/cs/
2026-03-22 15:38:32,790 [INFO] MainPanel:262 - HeapMemory: 268435456
2026-03-22 15:38:32,842 [INFO] DbMcusXml:78 - Set database path to: C:\ST\STM32CubeIDE_1.13.0\STM32CubeIDE\plugins\com.st.stm32cube.common.mx_6.9.0.202307051724\\db\/mcu/
2026-03-22 15:38:32,842 [INFO] ApiDb:274 - Set plugin database path to: C:\ST\STM32CubeIDE_1.13.0\STM32CubeIDE\plugins\com.st.stm32cube.common.mx_6.9.0.202307051724\\db\/plugins/boardmanager/
2026-03-22 15:38:32,842 [INFO] ApiDb:261 - Set plugin images path to: C:\ST\STM32CubeIDE_1.13.0\STM32CubeIDE\plugins\com.st.stm32cube.common.mx_6.9.0.202307051724\\db\/plugins/mcufinder/images/
2026-03-22 15:38:32,842 [WARN] DbFile:41 - Overriding database path with different value: C:\Users\bogda\.stmcufinder\plugins\mcufinder/ => C:\Users\bogda\.stmcufinder\plugins\mcufinder
2026-03-22 15:38:32,842 [INFO] ApiDb:250 - Set database path to: C:\Users\bogda\.stmcufinder\plugins\mcufinder//mcu/
2026-03-22 15:38:32,842 [WARN] DbFile:41 - Overriding database path with different value: C:\Users\bogda\.stmcufinder\plugins\mcufinder/ => C:\Users\bogda\.stmcufinder\plugins\mcufinder
2026-03-22 15:38:32,842 [INFO] DbMcusAds:125 - Set database path to: C:\Users\bogda\.stmcufinder\plugins\mcufinder//mcu/
2026-03-22 15:38:32,842 [WARN] DbFile:41 - Overriding database path with different value: C:\Users\bogda\.stmcufinder\plugins\mcufinder/ => C:\Users\bogda\.stmcufinder\plugins\mcufinder
2026-03-22 15:38:32,843 [WARN] DbFile:41 - Overriding database path with different value: C:\Users\bogda\.stmcufinder\plugins\mcufinder/ => C:\Users\bogda\.stmcufinder\plugins\mcufinder
2026-03-22 15:38:32,843 [INFO] CrossReferenceDbSqlite:203 - Set database path to: C:\Users\bogda\.stmcufinder\plugins\mcufinder//mcu/cs/
2026-03-22 15:38:32,856 [INFO] ApplicationProperties:184 - Using Application install path: C:\ST\STM32CubeIDE_1.13.0\STM32CubeIDE\plugins\com.st.stm32cube.common.mx_6.9.0.202307051724
2026-03-22 15:38:32,857 [INFO] PluginManage:196 - Search for loadable plugins [exclusion list=, ]
2026-03-22 15:38:32,858 [INFO] PluginManage:310 - Check plugin analytics
2026-03-22 15:38:32,989 [INFO] AnalyticsPlugin:253 - Accepted Software Licenses: 
2026-03-22 15:38:32,989 [INFO] AnalyticsPlugin:255 - Accepted CMSIS Pack Licenses: 
2026-03-22 15:38:32,989 [INFO] AnalyticsPlugin:257 - Accepted Firmware Licenses: FW.F4.1.27.0,FW.H7.1.11.0
2026-03-22 15:38:32,993 [INFO] PluginManage:359 - Loaded plugin analytics (category:tool,tabindex:-1)
2026-03-22 15:38:32,993 [INFO] PluginManage:310 - Check plugin cadmodel
2026-03-22 15:38:32,998 [INFO] CADModel:105 - Init CAD model plugin
2026-03-22 15:38:32,999 [INFO] PluginManage:359 - Loaded plugin cadmodel (category:power,tabindex:5)
2026-03-22 15:38:32,999 [INFO] PluginManage:310 - Check plugin clock
2026-03-22 15:38:33,006 [INFO] PluginManage:359 - Loaded plugin clock (category:base,tabindex:2)
2026-03-22 15:38:33,006 [INFO] PluginManage:310 - Check plugin ddr
2026-03-22 15:38:33,009 [INFO] PluginManage:359 - Loaded plugin ddr (category:tool,tabindex:6)
2026-03-22 15:38:33,009 [INFO] PluginManage:310 - Check plugin filemanager
2026-03-22 15:38:33,128 [INFO] PluginManage:359 - Loaded plugin filemanager (category:base,tabindex:10)
2026-03-22 15:38:33,129 [INFO] PluginManage:310 - Check plugin ipmanager
2026-03-22 15:38:33,135 [INFO] PluginManage:359 - Loaded plugin ipmanager (category:base,tabindex:5)
2026-03-22 15:38:33,135 [INFO] PluginManage:310 - Check plugin lpbam
2026-03-22 15:38:33,144 [INFO] PluginManage:359 - Loaded plugin lpbam (category:base,tabindex:0)
2026-03-22 15:38:33,144 [INFO] PluginManage:310 - Check plugin memorymap
2026-03-22 15:38:33,156 [INFO] PluginManage:359 - Loaded plugin memorymap (category:base,tabindex:4)
2026-03-22 15:38:33,156 [INFO] PluginManage:310 - Check plugin pinoutandconfiguration
2026-03-22 15:38:33,160 [INFO] PluginManage:359 - Loaded plugin pinoutandconfiguration (category:base,tabindex:1)
2026-03-22 15:38:33,160 [INFO] PluginManage:310 - Check plugin pinoutconfig
2026-03-22 15:38:33,223 [WARN] SupportedApi:132 - Cannot load RTOS API schema: s4s-elt-must-match.1: The content of 'definitions' must match (annotation?, (simpleType | complexType)?, (unique | key | keyref)*)). A problem was found starting at: attribute.
2026-03-22 15:38:33,348 [INFO] PluginManage:359 - Loaded plugin pinoutconfig (category:base,tabindex:0)
2026-03-22 15:38:33,348 [INFO] PluginManage:310 - Check plugin power
2026-03-22 15:38:33,358 [INFO] PluginManage:359 - Loaded plugin power (category:power,tabindex:4)
2026-03-22 15:38:33,358 [INFO] PluginManage:310 - Check plugin projectmanager
2026-03-22 15:38:33,367 [INFO] PluginManage:359 - Loaded plugin projectmanager (category:projectmanager,tabindex:3)
2026-03-22 15:38:33,367 [INFO] PluginManage:310 - Check plugin thirdparty
2026-03-22 15:38:33,468 [WARN] IntegrityCheckThread:84 - waiting for thirdparty lock release [integrity check]
2026-03-22 15:38:33,468 [INFO] IntegrityCheckThread:86 - entering critical section [integrity check]
2026-03-22 15:38:33,468 [INFO] PluginManage:359 - Loaded plugin thirdparty (category:base,tabindex:-1)
2026-03-22 15:38:33,468 [INFO] PluginManage:310 - Check plugin tools
2026-03-22 15:38:33,469 [INFO] ThirdPartyUpdaterWithRetryManager:70 - Updater plugin not ready yet. [1/15]
2026-03-22 15:38:33,471 [INFO] PluginManage:359 - Loaded plugin tools (category:base,tabindex:7)
2026-03-22 15:38:33,471 [INFO] PluginManage:310 - Check plugin tutovideos
2026-03-22 15:38:33,580 [INFO] PluginManage:359 - Loaded plugin tutovideos (category:base,tabindex:-1)
2026-03-22 15:38:33,581 [INFO] PluginManage:310 - Check plugin updater
2026-03-22 15:38:33,588 [INFO] PluginManage:359 - Loaded plugin updater (category:base,tabindex:12)
2026-03-22 15:38:33,588 [INFO] PluginManage:310 - Check plugin userauth
2026-03-22 15:38:33,592 [INFO] UserAuth:113 - Init User Auth plugin
2026-03-22 15:38:33,592 [INFO] PluginManage:359 - Loaded plugin userauth (category:base,tabindex:14)
2026-03-22 15:38:33,593 [INFO] PluginManage:283 - PluginManage : Loaded plugins [17]
2026-03-22 15:38:33,732 [INFO] PinOutPanel:1499 - setPackage(No Configuration,No Configuration)
2026-03-22 15:38:33,800 [INFO] CADModel:165 - CPN selected for project level
2026-03-22 15:38:33,801 [INFO] CADModel:114 - Register for checkConnection events
2026-03-22 15:38:33,813 [INFO] IPUIPlugin:80 - create IPUIPlugin
2026-03-22 15:38:33,813 [INFO] PluginManager:220 - loadIPPluginJar : add adc
2026-03-22 15:38:33,814 [INFO] IPUIPlugin:80 - create IPUIPlugin
2026-03-22 15:38:33,814 [INFO] PluginManager:220 - loadIPPluginJar : add aes
2026-03-22 15:38:33,816 [INFO] IPUIPlugin:80 - create IPUIPlugin
2026-03-22 15:38:33,816 [INFO] PluginManager:220 - loadIPPluginJar : add can
2026-03-22 15:38:33,818 [INFO] IPUIPlugin:80 - create IPUIPlugin
2026-03-22 15:38:33,818 [INFO] PluginManager:220 - loadIPPluginJar : add comp
2026-03-22 15:38:33,819 [INFO] IPUIPlugin:80 - create IPUIPlugin
2026-03-22 15:38:33,820 [INFO] PluginManager:220 - loadIPPluginJar : add cryp
2026-03-22 15:38:33,821 [INFO] IPUIPlugin:80 - create IPUIPlugin
2026-03-22 15:38:33,821 [INFO] PluginManager:220 - loadIPPluginJar : add dfsdm
2026-03-22 15:38:33,824 [INFO] IPUIPlugin:80 - create IPUIPlugin
2026-03-22 15:38:33,825 [INFO] PluginManager:220 - loadIPPluginJar : add dma
2026-03-22 15:38:33,826 [INFO] IPUIPlugin:80 - create IPUIPlugin
2026-03-22 15:38:33,826 [INFO] PluginManager:220 - loadIPPluginJar : add dma3
2026-03-22 15:38:33,827 [INFO] IPUIPlugin:80 - create IPUIPlugin
2026-03-22 15:38:33,827 [INFO] PluginManager:220 - loadIPPluginJar : add fatfs
2026-03-22 15:38:33,829 [INFO] IPUIPlugin:80 - create IPUIPlugin
2026-03-22 15:38:33,830 [INFO] PluginManager:220 - loadIPPluginJar : add fmc
2026-03-22 15:38:33,832 [INFO] IPUIPlugin:80 - create IPUIPlugin
2026-03-22 15:38:33,833 [INFO] PluginManager:220 - loadIPPluginJar : add freertos
2026-03-22 15:38:33,833 [INFO] IPUIPlugin:80 - create IPUIPlugin
2026-03-22 15:38:33,834 [INFO] PluginManager:220 - loadIPPluginJar : add genericplugin
2026-03-22 15:38:33,835 [INFO] IPUIPlugin:80 - create IPUIPlugin
2026-03-22 15:38:33,835 [INFO] PluginManager:220 - loadIPPluginJar : add gfxmmu
2026-03-22 15:38:33,838 [INFO] IPUIPlugin:80 - create IPUIPlugin
2026-03-22 15:38:33,838 [INFO] PluginManager:220 - loadIPPluginJar : add gic
2026-03-22 15:38:33,840 [INFO] IPUIPlugin:80 - create IPUIPlugin
2026-03-22 15:38:33,840 [INFO] PluginManager:220 - loadIPPluginJar : add gpio
2026-03-22 15:38:33,841 [INFO] IPUIPlugin:80 - create IPUIPlugin
2026-03-22 15:38:33,841 [INFO] PluginManager:220 - loadIPPluginJar : add gtzc
2026-03-22 15:38:33,843 [INFO] IPUIPlugin:80 - create IPUIPlugin
2026-03-22 15:38:33,843 [INFO] PluginManager:220 - loadIPPluginJar : add hash
2026-03-22 15:38:33,844 [INFO] IPUIPlugin:80 - create IPUIPlugin
2026-03-22 15:38:33,844 [INFO] PluginManager:220 - loadIPPluginJar : add i2c
2026-03-22 15:38:33,845 [INFO] IPUIPlugin:80 - create IPUIPlugin
2026-03-22 15:38:33,845 [INFO] PluginManager:220 - loadIPPluginJar : add i2s
2026-03-22 15:38:33,846 [INFO] IPUIPlugin:80 - create IPUIPlugin
2026-03-22 15:38:33,846 [INFO] PluginManager:220 - loadIPPluginJar : add i3c
2026-03-22 15:38:33,848 [INFO] IPUIPlugin:80 - create IPUIPlugin
2026-03-22 15:38:33,848 [INFO] PluginManager:220 - loadIPPluginJar : add ipddr
2026-03-22 15:38:33,852 [INFO] IPUIPlugin:80 - create IPUIPlugin
2026-03-22 15:38:33,854 [INFO] PluginManager:220 - loadIPPluginJar : add linkedlist
2026-03-22 15:38:33,855 [INFO] IPUIPlugin:80 - create IPUIPlugin
2026-03-22 15:38:33,855 [INFO] PluginManager:220 - loadIPPluginJar : add lorawan
2026-03-22 15:38:33,857 [INFO] IPUIPlugin:80 - create IPUIPlugin
2026-03-22 15:38:33,857 [INFO] PluginManager:220 - loadIPPluginJar : add ltdc
2026-03-22 15:38:33,860 [INFO] IPUIPlugin:80 - create IPUIPlugin
2026-03-22 15:38:33,860 [INFO] PluginManager:220 - loadIPPluginJar : add mdma
2026-03-22 15:38:33,864 [INFO] IPUIPlugin:80 - create IPUIPlugin
2026-03-22 15:38:33,864 [INFO] PluginManager:220 - loadIPPluginJar : add nvic
2026-03-22 15:38:33,866 [INFO] IPUIPlugin:80 - create IPUIPlugin
2026-03-22 15:38:33,866 [INFO] PluginManager:220 - loadIPPluginJar : add opamp
2026-03-22 15:38:33,868 [INFO] IPUIPlugin:80 - create IPUIPlugin
2026-03-22 15:38:33,868 [INFO] PluginManager:220 - loadIPPluginJar : add openamp
2026-03-22 15:38:33,871 [INFO] IPUIPlugin:80 - create IPUIPlugin
2026-03-22 15:38:33,871 [INFO] PluginManager:220 - loadIPPluginJar : add pdm2pcm
2026-03-22 15:38:33,876 [INFO] IPUIPlugin:80 - create IPUIPlugin
2026-03-22 15:38:33,878 [INFO] PluginManager:220 - loadIPPluginJar : add plateformsettings
2026-03-22 15:38:33,879 [INFO] IPUIPlugin:80 - create IPUIPlugin
2026-03-22 15:38:33,879 [INFO] PluginManager:220 - loadIPPluginJar : add quadspi
2026-03-22 15:38:33,880 [INFO] IPUIPlugin:80 - create IPUIPlugin
2026-03-22 15:38:33,880 [INFO] PluginManager:220 - loadIPPluginJar : add resmgrutility
2026-03-22 15:38:33,882 [INFO] IPUIPlugin:80 - create IPUIPlugin
2026-03-22 15:38:33,882 [INFO] PluginManager:220 - loadIPPluginJar : add sai
2026-03-22 15:38:33,883 [INFO] IPUIPlugin:80 - create IPUIPlugin
2026-03-22 15:38:33,883 [INFO] PluginManager:220 - loadIPPluginJar : add spi
2026-03-22 15:38:33,887 [INFO] IPUIPlugin:80 - create IPUIPlugin
2026-03-22 15:38:33,887 [INFO] PluginManager:220 - loadIPPluginJar : add stm32_wpan
2026-03-22 15:38:33,888 [INFO] IPUIPlugin:80 - create IPUIPlugin
2026-03-22 15:38:33,888 [INFO] PluginManager:220 - loadIPPluginJar : add tim
2026-03-22 15:38:33,892 [INFO] IPUIPlugin:80 - create IPUIPlugin
2026-03-22 15:38:33,892 [INFO] PluginManager:220 - loadIPPluginJar : add touchsensing
2026-03-22 15:38:33,893 [INFO] IPUIPlugin:80 - create IPUIPlugin
2026-03-22 15:38:33,894 [INFO] PluginManager:220 - loadIPPluginJar : add tracer_emb
2026-03-22 15:38:33,895 [INFO] IPUIPlugin:80 - create IPUIPlugin
2026-03-22 15:38:33,895 [INFO] PluginManager:220 - loadIPPluginJar : add ts
2026-03-22 15:38:33,897 [INFO] IPUIPlugin:80 - create IPUIPlugin
2026-03-22 15:38:33,897 [INFO] PluginManager:220 - loadIPPluginJar : add tsc
2026-03-22 15:38:33,898 [INFO] IPUIPlugin:80 - create IPUIPlugin
2026-03-22 15:38:33,898 [INFO] PluginManager:220 - loadIPPluginJar : add ucpd
2026-03-22 15:38:33,899 [INFO] IPUIPlugin:80 - create IPUIPlugin
2026-03-22 15:38:33,899 [INFO] PluginManager:220 - loadIPPluginJar : add usart
2026-03-22 15:38:33,901 [INFO] IPUIPlugin:80 - create IPUIPlugin
2026-03-22 15:38:33,901 [INFO] PluginManager:220 - loadIPPluginJar : add usbx
2026-03-22 15:38:34,010 [INFO] CADModel:165 - CPN selected for project level
2026-03-22 15:38:34,010 [INFO] CADModel:114 - Register for checkConnection events
2026-03-22 15:38:34,010 [FATAL] Updater:308 - Updater called before beeing initialized
2026-03-22 15:38:34,010 [ERROR] CADModel:125 - Updater not yet initialized, retry later 
2026-03-22 15:38:34,108 [INFO] CADModel:165 - CPN selected for project level
2026-03-22 15:38:34,108 [INFO] CADModel:114 - Register for checkConnection events
2026-03-22 15:38:34,108 [FATAL] Updater:308 - Updater called before beeing initialized
2026-03-22 15:38:34,108 [ERROR] CADModel:125 - Updater not yet initialized, retry later 
2026-03-22 15:38:34,111 [FATAL] Updater:308 - Updater called before beeing initialized
2026-03-22 15:38:34,184 [FATAL] Updater:308 - Updater called before beeing initialized
2026-03-22 15:38:34,188 [INFO] DbMcusAds:53 - JSON generation date=Thu Mar 05 16:32:52 EET 2026 (1772721172610)
2026-03-22 15:38:34,188 [FATAL] Updater:308 - Updater called before beeing initialized
2026-03-22 15:38:34,209 [WARN] DetailPanel:346 - Failed to get advertising image, set to default
2026-03-22 15:38:34,270 [FATAL] Updater:308 - Updater called before beeing initialized
2026-03-22 15:38:34,271 [FATAL] Updater:308 - Updater called before beeing initialized
2026-03-22 15:38:34,271 [FATAL] Updater:308 - Updater called before beeing initialized
2026-03-22 15:38:34,271 [WARN] DetailPanel:346 - Failed to get advertising image, set to default
2026-03-22 15:38:34,272 [FATAL] Updater:308 - Updater called before beeing initialized
2026-03-22 15:38:34,302 [ERROR] Updater:1120 - MainUpdater not yet initialized. External WinMGr cannot be set.
2026-03-22 15:38:34,304 [INFO] Updater:1056 - Updater Version found : 6.9.0
2026-03-22 15:38:34,315 [INFO] ApplicationProperties:184 - Using Application install path: C:\ST\STM32CubeIDE_1.13.0\STM32CubeIDE\plugins\com.st.stm32cube.common.mx_6.9.0.202307051724
2026-03-22 15:38:36,225 [INFO] MainUpdater:2868 - connection check result : 10
2026-03-22 15:38:36,225 [INFO] MainUpdater:285 - Updater Check For Update Now.
2026-03-22 15:38:36,226 [INFO] MicroXplorer:498 - Change Database Version : DB.6.0.90
2026-03-22 15:38:36,229 [INFO] McuFinderGlobals:63 - Set McuFinder mode to 2 (CubeIDE integrated)
2026-03-22 15:38:36,408 [INFO] CheckServerUpdateThread:120 - End of CheckServer Thread
2026-03-22 15:38:36,672 [WARN] PackLoader:240 - Cannot read IP mode file for STMicroelectronics.X-CUBE-AZRTOS-H7.3.5.0
2026-03-22 15:38:36,697 [ERROR] Engine:466 - C:\Users\bogda\.stm32cubemx\thirdparties\pdsc\WES.I-CUBE-Cesium.1.4.0.pdsc: PDSC version is not supported
2026-03-22 15:38:36,701 [ERROR] Engine:466 - C:\Users\bogda\.stm32cubemx\thirdparties\pdsc\STMicroelectronics.FP-SNS-MOTENVWB1.1.5.0.pdsc: PDSC version is not supported
2026-03-22 15:38:36,704 [ERROR] Engine:466 - C:\Users\bogda\.stm32cubemx\thirdparties\pdsc\STMicroelectronics.X-CUBE-FREERTOS.1.4.0.pdsc: PDSC version is not supported
2026-03-22 15:38:36,758 [WARN] PackLoader:240 - Cannot read IP mode file for STMicroelectronics.X-CUBE-MEMS1.12.0.0
2026-03-22 15:38:36,836 [ERROR] Engine:466 - C:\Users\bogda\.stm32cubemx\thirdparties\pdsc\STMicroelectronics.X-CUBE-FREERTOS.1.5.0.pdsc: PDSC version is not supported
2026-03-22 15:38:36,842 [WARN] PackLoader:240 - Cannot read IP mode file for STMicroelectronics.X-CUBE-NFC6.3.2.0
2026-03-22 15:38:36,850 [WARN] PackLoader:240 - Cannot read IP mode file for STMicroelectronics.X-CUBE-TOUCHGFX.4.26.0
2026-03-22 15:38:36,852 [WARN] PackLoader:240 - Cannot read IP mode file for STMicroelectronics.X-CUBE-TOUCHGFX.4.26.1
2026-03-22 15:38:36,855 [ERROR] Engine:466 - C:\Users\bogda\.stm32cubemx\thirdparties\pdsc\STMicroelectronics.X-CUBE-ST67W61.1.2.0.pdsc: PDSC version is not supported
2026-03-22 15:38:36,862 [WARN] PackLoader:240 - Cannot read IP mode file for STMicroelectronics.X-CUBE-STSE01.2.0.0
2026-03-22 15:38:36,863 [INFO] ThirdParty:978 - Integrity check success = true
2026-03-22 15:38:36,863 [INFO] IntegrityCheckThread:100 - exiting critical section [integrity check]
2026-03-22 15:38:36,864 [INFO] IntegrityCheckThread:103 - End integrity checks thread
2026-03-22 15:38:54,950 [INFO] McuFinderGlobals:63 - Set McuFinder mode to 2 (CubeIDE integrated)
2026-03-22 15:38:54,952 [INFO] MainUpdater:2868 - connection check result : 10
2026-03-22 15:38:55,205 [INFO] ApiDb:581 - Connected to CubeFinder SQLite database (C:\Users\bogda\.stmcufinder\plugins\mcufinder\mcu\cube-finder-db.db)
2026-03-22 15:38:55,255 [INFO] ApiDb:668 - CubeFinder database Data Model version=2.1
2026-03-22 15:38:55,255 [INFO] ApiDb:669 - CubeFinder database Configuration version=3.0.42
2026-03-22 15:38:55,255 [INFO] ApiDb:670 - CubeFinder database generation date=2026-03-11 (1773229989)
2026-03-22 15:38:55,256 [INFO] ApiDb:671 - CubeFinder database FW Pack versions=[FP-ATR-ASTRA1_V2.0.0, FP-SNS-FLIGHT1_V5.1.0, FP-SNS-MOTENV1_V5.1.0, FP-SNS-MOTENVWB1_V1.5.0, FP-SNS-SMARTAG2_V1.2.0, FP-SNS-STBOX1_V2.1.0, STM32Cube_FW_C0_V1.4.0, STM32Cube_FW_F4_V1.28.3, STM32Cube_FW_F7_V1.17.4, STM32Cube_FW_G0_V1.6.3, STM32Cube_FW_G4_V1.6.2, STM32Cube_FW_H5_V1.6.0, STM32Cube_FW_H7RS_V1.3.0, STM32Cube_FW_H7_V1.13.0, STM32Cube_FW_L0_V1.12.2, STM32Cube_FW_L4_V1.18.2, STM32Cube_FW_L5_V1.6.0, STM32Cube_FW_N6_V1.3.0, STM32Cube_FW_U0_V1.3.0, STM32Cube_FW_U3_V1.3.0, STM32Cube_FW_U5_V1.8.0, STM32Cube_FW_WB0_V1.4.0, STM32Cube_FW_WBA_V1.9.0, STM32Cube_FW_WB_V1.24.0, STM32Cube_FW_WL3_V1.4.0, STM32Cube_FW_WL_V1.5.0, X-CUBE-ALGOBUILD_V1.4.0, X-CUBE-ALS_V1.0.2, X-CUBE-AZRTOS-F4_V1.1.0, X-CUBE-AZRTOS-F7_V1.1.0, X-CUBE-AZRTOS-G0_V1.1.0, X-CUBE-AZRTOS-G4_V2.0.0, X-CUBE-AZRTOS-H7RS_V1.1.0, X-CUBE-AZRTOS-H7_V3.4.0, X-CUBE-AZRTOS-L4_V2.0.0, X-CUBE-AZRTOS-L5_V2.0.0, X-CUBE-AZRTOS-WB_V2.0.0, X-CUBE-AZRTOS-WL_V2.0.0, X-CUBE-BLE1_V7.1.0, X-CUBE-BLE2_V3.3.0, X-CUBE-BLEMGR_V4.1.0, X-CUBE-EEPRMA1_V5.2.0, X-CUBE-FREERTOS_V1.5.0, X-CUBE-GNSS1_V6.0.0, X-CUBE-MEMS1_V12.0.0, X-CUBE-NFC4_V3.0.0, X-CUBE-NFC7_V2.0.0, X-CUBE-SFXS2LP1_V4.0.0, X-CUBE-ST67W61_V1.2.0, X-CUBE-SUBG2_V5.0.0, X-CUBE-TOF1_V3.4.3]
2026-03-22 15:38:55,307 [INFO] DbBoardsSqlite:226 - include board P-NUCLEO-WB55-NUCLEO as a kit item of type 'Nucleo-64'
2026-03-22 15:38:55,307 [INFO] DbBoardsSqlite:226 - include board P-NUCLEO-WB55-USBDONGLE as a kit item of type 'Nucleo USB Dongle'
2026-03-22 15:38:55,307 [INFO] DbBoardsSqlite:226 - include board STEVAL-IDP005V1 as a kit item of type 'Evaluation Board'
2026-03-22 15:38:55,307 [INFO] DbBoardsSqlite:226 - include board STEVAL-IDP005V2 as a kit item of type 'Evaluation Board'
2026-03-22 15:38:55,358 [INFO] ApiDb:240 - Found 323 in-development CPN: [B-G473E-ZEST1S, B-WB1M-WPAN1, B-WL5M-SUBG1, NUCLEO-C031C6, NUCLEO-H503RB, NUCLEO-H563ZI, NUCLEO-U545RE-Q, NUCLEO-U5A5ZJ-Q, NUCLEO-WBA52CG, STEVAL-PROTEUS1, STEVAL-SMARTAG2, STEVAL-STWINBX1, STM320518-EVAL, STM32C0116-DK, STM32C011D6Y3TR, STM32C011D6Y6TR, STM32C011F4P3, STM32C011F4P6, STM32C011F4U3, STM32C011F4U6TR, STM32C011F6P3, STM32C011F6P6, STM32C011F6U3, STM32C011F6U6TR, STM32C011J4M3, STM32C011J4M6, STM32C011J6M3, STM32C011J6M6, STM32C0316-DK, STM32C031C4T3, STM32C031C4T6, STM32C031C4U3, STM32C031C4U6, STM32C031C6T3, STM32C031C6T6, STM32C031C6U3, STM32C031C6U6, STM32C031F4P3, STM32C031F4P6, STM32C031F6P3, STM32C031F6P6, STM32C031G4U3, STM32C031G4U6, STM32C031G6U3, STM32C031G6U6, STM32C031K4T3, STM32C031K4T6, STM32C031K4U3, STM32C031K4U6, STM32C031K6T3, STM32C031K6T6, STM32C031K6U3, STM32C031K6U6, STM32G071K8TXN, STM32G071K8UXN, STM32G081GBU6N, STM32G081KBT6N, STM32G081KBUXN, STM32G0B1CCT6N, STM32G0B1KCT6, STM32G0B1NEY6TR, STM32G0B1RCT6N, STM32G0C1CCT6, STM32G0C1CCT6N, STM32G0C1CCU6N, STM32G0C1CET6N, STM32G0C1CEU6N, STM32G0C1KCT6, STM32G0C1NEY6TR, STM32G0C1RCI6N, STM32G0C1RCT6N, STM32G0C1REI6N, STM32G0C1RET6N, STM32G0C1VCI6, STM32G0C1VEI6, STM32G471CCT6, STM32G471CCU6, STM32G471CET3, STM32G471CET6, STM32G471CEU3, STM32G471CEU6, STM32G471MCT6, STM32G471MET3, STM32G471MET6, STM32G471MEY6TR, STM32G471QCT6, STM32G471QET3, STM32G471RCT6, STM32G471RET3, STM32G471RET6, STM32G471VCH6, STM32G471VCI6, STM32G471VCT6, STM32G471VEH3, STM32G471VEH6, STM32G471VEI3, STM32G471VEI6, STM32G471VET3, STM32G471VET6, STM32G474CCT6, STM32H503CBT6, STM32H503CBU6, STM32H503EBY6TR, STM32H503KBU6, STM32H503RBT6, STM32H562AGI6, STM32H562AII6, STM32H562IGK6, STM32H562IGT6, STM32H562IIK6, STM32H562IIT6, STM32H562RGT6, STM32H562RGV6, STM32H562RIT6, STM32H562RIV6, STM32H562VGT6, STM32H562VIT6, STM32H562ZGT6, STM32H562ZIT6, STM32H563AGI6, STM32H563AII3Q, STM32H563AII6, STM32H563IGK6, STM32H563IGT6, STM32H563IIK3Q, STM32H563IIK6, STM32H563IIT3Q, STM32H563IIT6, STM32H563MIY3QTR, STM32H563RGT6, STM32H563RGV6, STM32H563RIT6, STM32H563RIV6, STM32H563VGT6, STM32H563VIT3Q, STM32H563VIT6, STM32H563ZGT6, STM32H563ZIT3Q, STM32H563ZIT6, STM32H573AII3Q, STM32H573AII6, STM32H573I-DK, STM32H573IIK3Q, STM32H573IIK6, STM32H573IIT3Q, STM32H573IIT6, STM32H573MIY3QTR, STM32H573RIT6, STM32H573RIV6, STM32H573VIT3Q, STM32H573VIT6, STM32H573ZIT3Q, STM32H573ZIT6, STM32L4R5QGI6STR, STM32MP131AAE3, STM32MP131AAF3, STM32MP131AAG3, STM32MP131CAE3, STM32MP131CAF3, STM32MP131CAG3, STM32MP131DAE7, STM32MP131DAF7, STM32MP131DAG7, STM32MP131FAE7, STM32MP131FAF7, STM32MP131FAG7, STM32MP133AAE3, STM32MP133AAF3, STM32MP133AAG3, STM32MP133CAE3, STM32MP133CAF3, STM32MP133CAG3, STM32MP133DAE7, STM32MP133DAF7, STM32MP133DAG7, STM32MP133FAE7, STM32MP133FAF7, STM32MP133FAG7, STM32MP135AAE3, STM32MP135AAF3, STM32MP135AAG3, STM32MP135CAE3, STM32MP135CAF3, STM32MP135CAG3, STM32MP135DAE7, STM32MP135DAF7, STM32MP135DAG7, STM32MP135F-DK, STM32MP135FAE7, STM32MP135FAF7, STM32MP135FAF7T, STM32MP135FAF7U, STM32MP135FAG7, STM32U535CBT6, STM32U535CBT6Q, STM32U535CBU6, STM32U535CBU6Q, STM32U535CCT6, STM32U535CCT6Q, STM32U535CCU6, STM32U535CCU6Q, STM32U535CET6, STM32U535CET6Q, STM32U535CEU6, STM32U535CEU6Q, STM32U535JEY6QTR, STM32U535NCY6QTR, STM32U535NEY6QTR, STM32U535RBI6, STM32U535RBI6Q, STM32U535RBT6, STM32U535RBT6Q, STM32U535RCI6, STM32U535RCI6Q, STM32U535RCT6, STM32U535RCT6Q, STM32U535REI6, STM32U535REI6Q, STM32U535RET6, STM32U535RET6Q, STM32U535VCI6, STM32U535VCI6Q, STM32U535VCT6, STM32U535VCT6Q, STM32U535VEI6, STM32U535VEI6Q, STM32U535VET6, STM32U535VET6Q, STM32U545CET6, STM32U545CET6Q, STM32U545CEU6, STM32U545CEU6Q, STM32U545JEY6QTR, STM32U545NEY6QTR, STM32U545REI6, STM32U545REI6Q, STM32U545RET6, STM32U545RET6Q, STM32U545VEI6, STM32U545VEI6Q, STM32U545VET6, STM32U545VET6Q, STM32U595AIH6, STM32U595AIH6Q, STM32U595AJH6, STM32U595AJH6Q, STM32U595QII6, STM32U595QII6Q, STM32U595QJI6, STM32U595QJI6Q, STM32U595RIT6, STM32U595RIT6Q, STM32U595RJT6, STM32U595RJT6Q, STM32U595VIT6, STM32U595VIT6Q, STM32U595VJT6, STM32U595VJT6Q, STM32U595ZIT6, STM32U595ZIT6Q, STM32U595ZIY6QTR, STM32U595ZJT6, STM32U595ZJT6Q, STM32U595ZJY6QTR, STM32U599BJY6QTR, STM32U599NIH6Q, STM32U599NJH6Q, STM32U599VIT6Q, STM32U599VJT6, STM32U599VJT6Q, STM32U599ZIT6Q, STM32U599ZIY6QTR, STM32U599ZJT6Q, STM32U599ZJY6QTR, STM32U5A5AJH6, STM32U5A5AJH6Q, STM32U5A5QJI6, STM32U5A5QJI6Q, STM32U5A5RJT6, STM32U5A5RJT6Q, STM32U5A5VJT6, STM32U5A5VJT6Q, STM32U5A5ZJT6, STM32U5A5ZJT6Q, STM32U5A5ZJY6QTR, STM32U5A9BJY6QTR, STM32U5A9J-DK, STM32U5A9NJH6Q, STM32U5A9VJT6Q, STM32U5A9ZJT6Q, STM32U5A9ZJY6QTR, STM32U5F7VIT6, STM32U5F7VIT6Q, STM32U5F7VJT6, STM32U5F7VJT6Q, STM32U5F9BJY6QTR, STM32U5F9NJH6Q, STM32U5F9VIT6Q, STM32U5F9VJT6Q, STM32U5F9ZIJ6QTR, STM32U5F9ZIT6Q, STM32U5F9ZJJ6QTR, STM32U5F9ZJT6Q, STM32U5G7VJT6, STM32U5G7VJT6Q, STM32U5G9BJY6QTR, STM32U5G9J-DK1, STM32U5G9J-DK2, STM32U5G9NJH6Q, STM32U5G9VJT6Q, STM32U5G9ZJJ6QTR, STM32U5G9ZJT6Q, STM32WB1MMCH6, STM32WBA52CEU6, STM32WBA52CEU6T, STM32WBA52CGU6, STM32WBA52CGU6T, STM32WBA52KEU6, STM32WBA52KEU6T, STM32WBA52KGU6, STM32WBA52KGU6T, STM32WL5MOCH6, STM32WL5MOCH6TR]
2026-03-22 15:38:55,360 [INFO] ApiDb:668 - CubeFinder database Data Model version=2.1
2026-03-22 15:38:55,360 [INFO] ApiDb:669 - CubeFinder database Configuration version=3.0.42
2026-03-22 15:38:55,360 [INFO] ApiDb:670 - CubeFinder database generation date=2026-03-11 (1773229989)
2026-03-22 15:38:55,360 [INFO] ApiDb:671 - CubeFinder database FW Pack versions=[FP-ATR-ASTRA1_V2.0.0, FP-SNS-FLIGHT1_V5.1.0, FP-SNS-MOTENV1_V5.1.0, FP-SNS-MOTENVWB1_V1.5.0, FP-SNS-SMARTAG2_V1.2.0, FP-SNS-STBOX1_V2.1.0, STM32Cube_FW_C0_V1.4.0, STM32Cube_FW_F4_V1.28.3, STM32Cube_FW_F7_V1.17.4, STM32Cube_FW_G0_V1.6.3, STM32Cube_FW_G4_V1.6.2, STM32Cube_FW_H5_V1.6.0, STM32Cube_FW_H7RS_V1.3.0, STM32Cube_FW_H7_V1.13.0, STM32Cube_FW_L0_V1.12.2, STM32Cube_FW_L4_V1.18.2, STM32Cube_FW_L5_V1.6.0, STM32Cube_FW_N6_V1.3.0, STM32Cube_FW_U0_V1.3.0, STM32Cube_FW_U3_V1.3.0, STM32Cube_FW_U5_V1.8.0, STM32Cube_FW_WB0_V1.4.0, STM32Cube_FW_WBA_V1.9.0, STM32Cube_FW_WB_V1.24.0, STM32Cube_FW_WL3_V1.4.0, STM32Cube_FW_WL_V1.5.0, X-CUBE-ALGOBUILD_V1.4.0, X-CUBE-ALS_V1.0.2, X-CUBE-AZRTOS-F4_V1.1.0, X-CUBE-AZRTOS-F7_V1.1.0, X-CUBE-AZRTOS-G0_V1.1.0, X-CUBE-AZRTOS-G4_V2.0.0, X-CUBE-AZRTOS-H7RS_V1.1.0, X-CUBE-AZRTOS-H7_V3.4.0, X-CUBE-AZRTOS-L4_V2.0.0, X-CUBE-AZRTOS-L5_V2.0.0, X-CUBE-AZRTOS-WB_V2.0.0, X-CUBE-AZRTOS-WL_V2.0.0, X-CUBE-BLE1_V7.1.0, X-CUBE-BLE2_V3.3.0, X-CUBE-BLEMGR_V4.1.0, X-CUBE-EEPRMA1_V5.2.0, X-CUBE-FREERTOS_V1.5.0, X-CUBE-GNSS1_V6.0.0, X-CUBE-MEMS1_V12.0.0, X-CUBE-NFC4_V3.0.0, X-CUBE-NFC7_V2.0.0, X-CUBE-SFXS2LP1_V4.0.0, X-CUBE-ST67W61_V1.2.0, X-CUBE-SUBG2_V5.0.0, X-CUBE-TOF1_V3.4.3]
2026-03-22 15:38:56,748 [INFO] ApiDb:240 - Found 323 in-development CPN: [B-G473E-ZEST1S, B-WB1M-WPAN1, B-WL5M-SUBG1, NUCLEO-C031C6, NUCLEO-H503RB, NUCLEO-H563ZI, NUCLEO-U545RE-Q, NUCLEO-U5A5ZJ-Q, NUCLEO-WBA52CG, STEVAL-PROTEUS1, STEVAL-SMARTAG2, STEVAL-STWINBX1, STM320518-EVAL, STM32C0116-DK, STM32C011D6Y3TR, STM32C011D6Y6TR, STM32C011F4P3, STM32C011F4P6, STM32C011F4U3, STM32C011F4U6TR, STM32C011F6P3, STM32C011F6P6, STM32C011F6U3, STM32C011F6U6TR, STM32C011J4M3, STM32C011J4M6, STM32C011J6M3, STM32C011J6M6, STM32C0316-DK, STM32C031C4T3, STM32C031C4T6, STM32C031C4U3, STM32C031C4U6, STM32C031C6T3, STM32C031C6T6, STM32C031C6U3, STM32C031C6U6, STM32C031F4P3, STM32C031F4P6, STM32C031F6P3, STM32C031F6P6, STM32C031G4U3, STM32C031G4U6, STM32C031G6U3, STM32C031G6U6, STM32C031K4T3, STM32C031K4T6, STM32C031K4U3, STM32C031K4U6, STM32C031K6T3, STM32C031K6T6, STM32C031K6U3, STM32C031K6U6, STM32G071K8TXN, STM32G071K8UXN, STM32G081GBU6N, STM32G081KBT6N, STM32G081KBUXN, STM32G0B1CCT6N, STM32G0B1KCT6, STM32G0B1NEY6TR, STM32G0B1RCT6N, STM32G0C1CCT6, STM32G0C1CCT6N, STM32G0C1CCU6N, STM32G0C1CET6N, STM32G0C1CEU6N, STM32G0C1KCT6, STM32G0C1NEY6TR, STM32G0C1RCI6N, STM32G0C1RCT6N, STM32G0C1REI6N, STM32G0C1RET6N, STM32G0C1VCI6, STM32G0C1VEI6, STM32G471CCT6, STM32G471CCU6, STM32G471CET3, STM32G471CET6, STM32G471CEU3, STM32G471CEU6, STM32G471MCT6, STM32G471MET3, STM32G471MET6, STM32G471MEY6TR, STM32G471QCT6, STM32G471QET3, STM32G471RCT6, STM32G471RET3, STM32G471RET6, STM32G471VCH6, STM32G471VCI6, STM32G471VCT6, STM32G471VEH3, STM32G471VEH6, STM32G471VEI3, STM32G471VEI6, STM32G471VET3, STM32G471VET6, STM32G474CCT6, STM32H503CBT6, STM32H503CBU6, STM32H503EBY6TR, STM32H503KBU6, STM32H503RBT6, STM32H562AGI6, STM32H562AII6, STM32H562IGK6, STM32H562IGT6, STM32H562IIK6, STM32H562IIT6, STM32H562RGT6, STM32H562RGV6, STM32H562RIT6, STM32H562RIV6, STM32H562VGT6, STM32H562VIT6, STM32H562ZGT6, STM32H562ZIT6, STM32H563AGI6, STM32H563AII3Q, STM32H563AII6, STM32H563IGK6, STM32H563IGT6, STM32H563IIK3Q, STM32H563IIK6, STM32H563IIT3Q, STM32H563IIT6, STM32H563MIY3QTR, STM32H563RGT6, STM32H563RGV6, STM32H563RIT6, STM32H563RIV6, STM32H563VGT6, STM32H563VIT3Q, STM32H563VIT6, STM32H563ZGT6, STM32H563ZIT3Q, STM32H563ZIT6, STM32H573AII3Q, STM32H573AII6, STM32H573I-DK, STM32H573IIK3Q, STM32H573IIK6, STM32H573IIT3Q, STM32H573IIT6, STM32H573MIY3QTR, STM32H573RIT6, STM32H573RIV6, STM32H573VIT3Q, STM32H573VIT6, STM32H573ZIT3Q, STM32H573ZIT6, STM32L4R5QGI6STR, STM32MP131AAE3, STM32MP131AAF3, STM32MP131AAG3, STM32MP131CAE3, STM32MP131CAF3, STM32MP131CAG3, STM32MP131DAE7, STM32MP131DAF7, STM32MP131DAG7, STM32MP131FAE7, STM32MP131FAF7, STM32MP131FAG7, STM32MP133AAE3, STM32MP133AAF3, STM32MP133AAG3, STM32MP133CAE3, STM32MP133CAF3, STM32MP133CAG3, STM32MP133DAE7, STM32MP133DAF7, STM32MP133DAG7, STM32MP133FAE7, STM32MP133FAF7, STM32MP133FAG7, STM32MP135AAE3, STM32MP135AAF3, STM32MP135AAG3, STM32MP135CAE3, STM32MP135CAF3, STM32MP135CAG3, STM32MP135DAE7, STM32MP135DAF7, STM32MP135DAG7, STM32MP135F-DK, STM32MP135FAE7, STM32MP135FAF7, STM32MP135FAF7T, STM32MP135FAF7U, STM32MP135FAG7, STM32U535CBT6, STM32U535CBT6Q, STM32U535CBU6, STM32U535CBU6Q, STM32U535CCT6, STM32U535CCT6Q, STM32U535CCU6, STM32U535CCU6Q, STM32U535CET6, STM32U535CET6Q, STM32U535CEU6, STM32U535CEU6Q, STM32U535JEY6QTR, STM32U535NCY6QTR, STM32U535NEY6QTR, STM32U535RBI6, STM32U535RBI6Q, STM32U535RBT6, STM32U535RBT6Q, STM32U535RCI6, STM32U535RCI6Q, STM32U535RCT6, STM32U535RCT6Q, STM32U535REI6, STM32U535REI6Q, STM32U535RET6, STM32U535RET6Q, STM32U535VCI6, STM32U535VCI6Q, STM32U535VCT6, STM32U535VCT6Q, STM32U535VEI6, STM32U535VEI6Q, STM32U535VET6, STM32U535VET6Q, STM32U545CET6, STM32U545CET6Q, STM32U545CEU6, STM32U545CEU6Q, STM32U545JEY6QTR, STM32U545NEY6QTR, STM32U545REI6, STM32U545REI6Q, STM32U545RET6, STM32U545RET6Q, STM32U545VEI6, STM32U545VEI6Q, STM32U545VET6, STM32U545VET6Q, STM32U595AIH6, STM32U595AIH6Q, STM32U595AJH6, STM32U595AJH6Q, STM32U595QII6, STM32U595QII6Q, STM32U595QJI6, STM32U595QJI6Q, STM32U595RIT6, STM32U595RIT6Q, STM32U595RJT6, STM32U595RJT6Q, STM32U595VIT6, STM32U595VIT6Q, STM32U595VJT6, STM32U595VJT6Q, STM32U595ZIT6, STM32U595ZIT6Q, STM32U595ZIY6QTR, STM32U595ZJT6, STM32U595ZJT6Q, STM32U595ZJY6QTR, STM32U599BJY6QTR, STM32U599NIH6Q, STM32U599NJH6Q, STM32U599VIT6Q, STM32U599VJT6, STM32U599VJT6Q, STM32U599ZIT6Q, STM32U599ZIY6QTR, STM32U599ZJT6Q, STM32U599ZJY6QTR, STM32U5A5AJH6, STM32U5A5AJH6Q, STM32U5A5QJI6, STM32U5A5QJI6Q, STM32U5A5RJT6, STM32U5A5RJT6Q, STM32U5A5VJT6, STM32U5A5VJT6Q, STM32U5A5ZJT6, STM32U5A5ZJT6Q, STM32U5A5ZJY6QTR, STM32U5A9BJY6QTR, STM32U5A9J-DK, STM32U5A9NJH6Q, STM32U5A9VJT6Q, STM32U5A9ZJT6Q, STM32U5A9ZJY6QTR, STM32U5F7VIT6, STM32U5F7VIT6Q, STM32U5F7VJT6, STM32U5F7VJT6Q, STM32U5F9BJY6QTR, STM32U5F9NJH6Q, STM32U5F9VIT6Q, STM32U5F9VJT6Q, STM32U5F9ZIJ6QTR, STM32U5F9ZIT6Q, STM32U5F9ZJJ6QTR, STM32U5F9ZJT6Q, STM32U5G7VJT6, STM32U5G7VJT6Q, STM32U5G9BJY6QTR, STM32U5G9J-DK1, STM32U5G9J-DK2, STM32U5G9NJH6Q, STM32U5G9VJT6Q, STM32U5G9ZJJ6QTR, STM32U5G9ZJT6Q, STM32WB1MMCH6, STM32WBA52CEU6, STM32WBA52CEU6T, STM32WBA52CGU6, STM32WBA52CGU6T, STM32WBA52KEU6, STM32WBA52KEU6T, STM32WBA52KGU6, STM32WBA52KGU6T, STM32WL5MOCH6, STM32WL5MOCH6TR]
2026-03-22 15:38:56,752 [INFO] DbMcus:217 - Found 5030 MCUs, 4943 are supported
2026-03-22 15:38:56,753 [INFO] ApiDb:423 - Load user favorites file C:\Users\bogda/.stm32cubeide/favorites.mcus.txt: 0 item(s)
2026-03-22 15:38:56,753 [INFO] ApiDb:427 - User favorites MCUs=[]
2026-03-22 15:38:56,753 [INFO] DbMcus:223 - Set 0 / 0 favorites MCUs
2026-03-22 15:38:57,019 [INFO] BoardInfo:880 - No configuration file found for board B-WBA5M-WPAN
2026-03-22 15:38:57,019 [INFO] DbBoards:157 - Board is not supported: B-WBA5M-WPAN
2026-03-22 15:38:57,021 [INFO] BoardInfo:880 - No configuration file found for board NUCLEO-C051C8
2026-03-22 15:38:57,021 [INFO] DbBoards:157 - Board is not supported: NUCLEO-C051C8
2026-03-22 15:38:57,022 [INFO] BoardInfo:880 - No configuration file found for board NUCLEO-C071RB
2026-03-22 15:38:57,022 [INFO] DbBoards:157 - Board is not supported: NUCLEO-C071RB
2026-03-22 15:38:57,023 [INFO] BoardInfo:880 - No configuration file found for board NUCLEO-C092RC
2026-03-22 15:38:57,023 [INFO] DbBoards:157 - Board is not supported: NUCLEO-C092RC
2026-03-22 15:38:57,054 [INFO] BoardInfo:880 - No configuration file found for board NUCLEO-H533RE
2026-03-22 15:38:57,054 [INFO] DbBoards:157 - Board is not supported: NUCLEO-H533RE
2026-03-22 15:38:57,056 [INFO] BoardInfo:880 - No configuration file found for board NUCLEO-H5E5ZJ
2026-03-22 15:38:57,056 [INFO] DbBoards:157 - Board is not supported: NUCLEO-H5E5ZJ
2026-03-22 15:38:57,064 [INFO] BoardInfo:880 - No configuration file found for board NUCLEO-H7S3L8
2026-03-22 15:38:57,064 [INFO] DbBoards:157 - Board is not supported: NUCLEO-H7S3L8
2026-03-22 15:38:57,081 [INFO] BoardInfo:880 - No configuration file found for board NUCLEO-N657X0-Q
2026-03-22 15:38:57,081 [INFO] DbBoards:157 - Board is not supported: NUCLEO-N657X0-Q
2026-03-22 15:38:57,082 [INFO] BoardInfo:880 - No configuration file found for board NUCLEO-U031R8
2026-03-22 15:38:57,082 [INFO] DbBoards:157 - Board is not supported: NUCLEO-U031R8
2026-03-22 15:38:57,084 [INFO] BoardInfo:880 - No configuration file found for board NUCLEO-U083RC
2026-03-22 15:38:57,084 [INFO] DbBoards:157 - Board is not supported: NUCLEO-U083RC
2026-03-22 15:38:57,091 [INFO] BoardInfo:880 - No configuration file found for board NUCLEO-U385RG-Q
2026-03-22 15:38:57,091 [INFO] DbBoards:157 - Board is not supported: NUCLEO-U385RG-Q
2026-03-22 15:38:57,092 [INFO] BoardInfo:880 - No configuration file found for board NUCLEO-U3C5ZI-Q
2026-03-22 15:38:57,092 [INFO] DbBoards:157 - Board is not supported: NUCLEO-U3C5ZI-Q
2026-03-22 15:38:57,097 [INFO] BoardInfo:880 - No configuration file found for board NUCLEO-WB05KZ
2026-03-22 15:38:57,097 [INFO] DbBoards:157 - Board is not supported: NUCLEO-WB05KZ
2026-03-22 15:38:57,099 [INFO] BoardInfo:880 - No configuration file found for board NUCLEO-WB07CC
2026-03-22 15:38:57,099 [INFO] DbBoards:157 - Board is not supported: NUCLEO-WB07CC
2026-03-22 15:38:57,100 [INFO] BoardInfo:880 - No configuration file found for board NUCLEO-WB09KE
2026-03-22 15:38:57,100 [INFO] DbBoards:157 - Board is not supported: NUCLEO-WB09KE
2026-03-22 15:38:57,104 [INFO] BoardInfo:880 - No configuration file found for board NUCLEO-WBA25CE1
2026-03-22 15:38:57,104 [INFO] DbBoards:157 - Board is not supported: NUCLEO-WBA25CE1
2026-03-22 15:38:57,107 [INFO] BoardInfo:880 - No configuration file found for board NUCLEO-WBA55CG
2026-03-22 15:38:57,107 [INFO] DbBoards:157 - Board is not supported: NUCLEO-WBA55CG
2026-03-22 15:38:57,108 [INFO] BoardInfo:880 - No configuration file found for board NUCLEO-WBA65RI
2026-03-22 15:38:57,108 [INFO] DbBoards:157 - Board is not supported: NUCLEO-WBA65RI
2026-03-22 15:38:57,108 [INFO] BoardInfo:880 - No configuration file found for board NUCLEO-WL33CC1
2026-03-22 15:38:57,108 [INFO] DbBoards:157 - Board is not supported: NUCLEO-WL33CC1
2026-03-22 15:38:57,109 [INFO] BoardInfo:880 - No configuration file found for board NUCLEO-WL33CC2
2026-03-22 15:38:57,109 [INFO] DbBoards:157 - Board is not supported: NUCLEO-WL33CC2
2026-03-22 15:38:57,110 [INFO] BoardInfo:880 - No configuration file found for board NUCLEO-WL3RKB1
2026-03-22 15:38:57,110 [INFO] DbBoards:157 - Board is not supported: NUCLEO-WL3RKB1
2026-03-22 15:38:57,111 [INFO] BoardInfo:880 - No configuration file found for board NUCLEO-WL3RKB2
2026-03-22 15:38:57,111 [INFO] DbBoards:157 - Board is not supported: NUCLEO-WL3RKB2
2026-03-22 15:38:57,115 [INFO] BoardInfo:880 - No configuration file found for board P-NUCLEO-WB55
2026-03-22 15:38:57,115 [INFO] DbBoards:157 - Kit is not supported: P-NUCLEO-WB55
2026-03-22 15:38:57,117 [INFO] BoardInfo:880 - No configuration file found for board STEVAL-BFA001V1B
2026-03-22 15:38:57,117 [INFO] DbBoards:157 - Kit is not supported: STEVAL-BFA001V1B
2026-03-22 15:38:57,118 [INFO] BoardInfo:880 - No configuration file found for board STEVAL-BFA001V2B
2026-03-22 15:38:57,118 [INFO] DbBoards:157 - Kit is not supported: STEVAL-BFA001V2B
2026-03-22 15:38:57,121 [INFO] BoardInfo:880 - No configuration file found for board STEVAL-MKBOXPRO
2026-03-22 15:38:57,121 [INFO] DbBoards:157 - Board is not supported: STEVAL-MKBOXPRO
2026-03-22 15:38:57,158 [INFO] BoardInfo:880 - No configuration file found for board STM32H5F5J-DK
2026-03-22 15:38:57,158 [INFO] DbBoards:157 - Board is not supported: STM32H5F5J-DK
2026-03-22 15:38:57,171 [INFO] BoardInfo:880 - No configuration file found for board STM32H7S78-DK
2026-03-22 15:38:57,171 [INFO] DbBoards:157 - Board is not supported: STM32H7S78-DK
2026-03-22 15:38:57,191 [INFO] BoardInfo:880 - No configuration file found for board STM32MP215F-DK
2026-03-22 15:38:57,191 [INFO] DbBoards:157 - Board is not supported: STM32MP215F-DK
2026-03-22 15:38:57,192 [INFO] BoardInfo:880 - No configuration file found for board STM32MP257F-DK
2026-03-22 15:38:57,192 [INFO] DbBoards:157 - Board is not supported: STM32MP257F-DK
2026-03-22 15:38:57,193 [INFO] BoardInfo:880 - No configuration file found for board STM32MP257F-EV1
2026-03-22 15:38:57,193 [INFO] DbBoards:157 - Board is not supported: STM32MP257F-EV1
2026-03-22 15:38:57,193 [INFO] BoardInfo:880 - No configuration file found for board STM32N6570-DK
2026-03-22 15:38:57,193 [INFO] DbBoards:157 - Board is not supported: STM32N6570-DK
2026-03-22 15:38:57,194 [INFO] BoardInfo:880 - No configuration file found for board STM32U083C-DK
2026-03-22 15:38:57,194 [INFO] DbBoards:157 - Board is not supported: STM32U083C-DK
2026-03-22 15:38:57,199 [INFO] BoardInfo:880 - No configuration file found for board STM32WBA55G-DK1
2026-03-22 15:38:57,200 [INFO] DbBoards:157 - Board is not supported: STM32WBA55G-DK1
2026-03-22 15:38:57,200 [INFO] BoardInfo:880 - No configuration file found for board STM32WBA65I-DK1
2026-03-22 15:38:57,200 [INFO] DbBoards:157 - Board is not supported: STM32WBA65I-DK1
2026-03-22 15:38:57,201 [INFO] DbBoards:161 - Found 218 boards, 183 are supported
2026-03-22 15:38:57,205 [INFO] ApiDb:423 - Load user favorites file C:\Users\bogda/.stm32cubeide/favorites.boards.txt: 0 item(s)
2026-03-22 15:38:57,205 [INFO] ApiDb:427 - User favorites Boards=[]
2026-03-22 15:38:57,205 [INFO] DbBoards:190 - Set 0 / 0 favorites Boards
2026-03-22 15:38:57,205 [INFO] McuFinderGlobals:76 - Set McuFinderConnectedMode to true
2026-03-22 15:38:57,214 [INFO] MultiScanPanel:200 - Auto-refresh data requested => check proxy status ongoing
2026-03-22 15:38:57,222 [INFO] FinderPluginLoader:95 - Searching for filters in installed packs
2026-03-22 15:38:57,633 [ERROR] LogOutputStream:75 - [STDERR_REDIRECT] SLF4J: Failed to load class "org.slf4j.impl.StaticLoggerBinder".
2026-03-22 15:38:57,634 [ERROR] LogOutputStream:75 - [STDERR_REDIRECT] SLF4J: Defaulting to no-operation (NOP) logger implementation
2026-03-22 15:38:57,636 [ERROR] LogOutputStream:75 - [STDERR_REDIRECT] SLF4J: See http://www.slf4j.org/codes.html#StaticLoggerBinder for further details.
2026-03-22 15:38:58,609 [INFO] LoadUrlFilesThread:185 - End of LoadServerUrlFiles without Thread
2026-03-22 15:38:58,617 [INFO] DetailPanel:341 - Set advertising image to C:/Users/bogda/STM32Cube/Repository/\en.prom-stm32c5-0326.jpg
2026-03-22 15:39:16,037 [INFO] MainUpdater:2868 - connection check result : 10
2026-03-22 15:39:16,037 [INFO] MainUpdater:2868 - connection check result : 10
2026-03-22 15:39:16,057 [INFO] MicroXplorer:468 - Change Database Path : 
2026-03-22 15:39:16,057 [INFO] MicroXplorer:498 - Change Database Version : DB.6.0.90
2026-03-22 15:39:16,061 [WARN] ThirdParty:871 - waiting for thirdparty lock release [close project]
2026-03-22 15:39:16,062 [INFO] ThirdParty:873 - entering critical section [close project]
2026-03-22 15:39:16,064 [INFO] ThirdParty:883 - exiting critical section [close project]
2026-03-22 15:39:16,067 [INFO] PinOutPanel:1499 - setPackage(No Configuration,No Configuration)
2026-03-22 15:39:16,072 [INFO] UtilMem:75 - Begin LoadConfig() Used Memory: 420544232 Bytes (688914432)
2026-03-22 15:39:16,074 [INFO] MicroXplorer:468 - Change Database Path : 
2026-03-22 15:39:16,074 [INFO] MicroXplorer:498 - Change Database Version : DB.6.0.90
2026-03-22 15:39:16,074 [INFO] OpenFileManager:308 - Change cursor
2026-03-22 15:39:16,109 [INFO] Mcu:1946 - Initializing MCU STM32F407V(E-G)Tx STM32F407VGTx STM32F407VGT6
2026-03-22 15:39:17,595 [INFO] Context:659 - Trying to add GPIOservice into a context  which must be forbidden
2026-03-22 15:39:18,129 [WARN] ModelIntegratedComponent:63 - No mode defined for component null
2026-03-22 15:39:18,129 [WARN] ModelIntegratedComponent:63 - No mode defined for component null
2026-03-22 15:39:18,130 [WARN] ModelIntegratedComponent:63 - No mode defined for component null
2026-03-22 15:39:18,130 [WARN] ModelIntegratedComponent:63 - No mode defined for component null
2026-03-22 15:39:18,130 [WARN] ModelIntegratedComponent:63 - No mode defined for component null
2026-03-22 15:39:18,130 [WARN] ModelIntegratedComponent:63 - No mode defined for component null
2026-03-22 15:39:18,130 [WARN] ModelIntegratedComponent:63 - No mode defined for component null
2026-03-22 15:39:18,130 [WARN] ModelIntegratedComponent:63 - No mode defined for component null
2026-03-22 15:39:18,130 [WARN] ModelIntegratedComponent:63 - No mode defined for component null
2026-03-22 15:39:18,130 [WARN] ModelIntegratedComponent:63 - No mode defined for component null
2026-03-22 15:39:18,130 [WARN] ModelIntegratedComponent:63 - No mode defined for component null
2026-03-22 15:39:18,130 [WARN] ModelIntegratedComponent:63 - No mode defined for component null
2026-03-22 15:39:18,130 [WARN] ModelIntegratedComponent:63 - No mode defined for component null
2026-03-22 15:39:18,130 [WARN] ModelIntegratedComponent:63 - No mode defined for component null
2026-03-22 15:39:18,130 [WARN] ModelIntegratedComponent:63 - No mode defined for component null
2026-03-22 15:39:18,131 [WARN] ModelIntegratedComponent:63 - No mode defined for component null
2026-03-22 15:39:18,131 [WARN] ModelIntegratedComponent:63 - No mode defined for component null
2026-03-22 15:39:18,131 [WARN] ModelIntegratedComponent:63 - No mode defined for component null
2026-03-22 15:39:18,131 [WARN] ModelIntegratedComponent:63 - No mode defined for component null
2026-03-22 15:39:18,131 [WARN] ModelIntegratedComponent:63 - No mode defined for component null
2026-03-22 15:39:18,131 [WARN] ModelIntegratedComponent:63 - No mode defined for component null
2026-03-22 15:39:18,131 [WARN] ModelIntegratedComponent:63 - No mode defined for component null
2026-03-22 15:39:18,131 [WARN] ModelIntegratedComponent:63 - No mode defined for component null
2026-03-22 15:39:18,131 [WARN] ModelIntegratedComponent:63 - No mode defined for component null
2026-03-22 15:39:18,131 [WARN] ModelIntegratedComponent:63 - No mode defined for component null
2026-03-22 15:39:18,131 [WARN] ModelIntegratedComponent:63 - No mode defined for component null
2026-03-22 15:39:18,131 [WARN] ModelIntegratedComponent:63 - No mode defined for component null
2026-03-22 15:39:18,131 [WARN] ModelIntegratedComponent:63 - No mode defined for component null
2026-03-22 15:39:18,132 [WARN] ModelIntegratedComponent:63 - No mode defined for component null
2026-03-22 15:39:18,132 [WARN] ModelIntegratedComponent:63 - No mode defined for component null
2026-03-22 15:39:18,132 [WARN] ModelIntegratedComponent:63 - No mode defined for component null
2026-03-22 15:39:18,132 [WARN] ModelIntegratedComponent:63 - No mode defined for component null
2026-03-22 15:39:18,132 [WARN] ModelIntegratedComponent:63 - No mode defined for component null
2026-03-22 15:39:18,254 [INFO] RtosManager:555 - Registered RTOS mode: class=CMSIS, group=RTOS, mode=CMSIS_V1, owner=FREERTOS
2026-03-22 15:39:18,255 [INFO] RtosManager:555 - Registered RTOS mode: class=CMSIS, group=RTOS2, mode=CMSIS_V2, owner=FREERTOS
2026-03-22 15:39:18,255 [INFO] RtosManager:555 - Registered RTOS mode: class=RTOS, group=Core, mode=CMSIS_V1, owner=FREERTOS
2026-03-22 15:39:18,255 [INFO] RtosManager:555 - Registered RTOS mode: class=RTOS, group=Core, mode=CMSIS_V2, owner=FREERTOS
2026-03-22 15:39:18,255 [WARN] ModelIntegratedComponent:184 - Missing modes for component STMicroelectronics:FreeRTOS:0.0.1:STMicroelectronics:RTOS:FreeRTOS:Core:::10.2.0:
2026-03-22 15:39:18,266 [INFO] ThirdPartyModel:298 - Start build external matchings
2026-03-22 15:39:18,312 [INFO] ThirdPartyModel:316 - End build external matchings
2026-03-22 15:39:18,690 [INFO] UtilMem:75 - End LoadConfig() Used Memory: 741420104 Bytes (977272832)
2026-03-22 15:39:18,782 [WARN] ThirdParty:833 - waiting for thirdparty lock release [change project]
2026-03-22 15:39:18,783 [INFO] ThirdParty:835 - entering critical section [change project]
2026-03-22 15:39:18,783 [INFO] ThirdParty:1030 - CMSIS Pack Vendor :STMicroelectronics X-CUBE-AZRTOS-H7 3.5.0
2026-03-22 15:39:18,783 [INFO] ThirdParty:1030 - CMSIS Pack Vendor :STMicroelectronics USBPD 4.1
2026-03-22 15:39:18,783 [INFO] ThirdParty:1030 - CMSIS Pack Vendor :STMicroelectronics USB_HOST 2.0.0
2026-03-22 15:39:18,783 [INFO] ThirdParty:1030 - CMSIS Pack Vendor :STMicroelectronics LIBJPEG 8.0.0
2026-03-22 15:39:18,783 [INFO] ThirdParty:1030 - CMSIS Pack Vendor :STMicroelectronics USB_DEVICE 3.0.0
2026-03-22 15:39:18,783 [INFO] ThirdParty:1030 - CMSIS Pack Vendor :STMicroelectronics HAL Drivers 0.0.0
2026-03-22 15:39:18,783 [INFO] ThirdParty:1030 - CMSIS Pack Vendor :STMicroelectronics MBEDTLS 2.16.2
2026-03-22 15:39:18,783 [INFO] ThirdParty:1030 - CMSIS Pack Vendor :STMicroelectronics MBEDTLS 2.14.1
2026-03-22 15:39:18,783 [INFO] ThirdParty:1030 - CMSIS Pack Vendor :STMicroelectronics X-CUBE-TOUCHGFX 4.26.0
2026-03-22 15:39:18,783 [INFO] ThirdParty:1030 - CMSIS Pack Vendor :STMicroelectronics X-CUBE-TOUCHGFX 4.26.1
2026-03-22 15:39:18,783 [INFO] ThirdParty:1030 - CMSIS Pack Vendor :STMicroelectronics USB_DEVICE 2.0.0
2026-03-22 15:39:18,783 [INFO] ThirdParty:1030 - CMSIS Pack Vendor :STMicroelectronics X-CUBE-NFC6 3.2.0
2026-03-22 15:39:18,783 [INFO] ThirdParty:1030 - CMSIS Pack Vendor :STMicroelectronics ThreadX 1.0.0
2026-03-22 15:39:18,783 [INFO] ThirdParty:1030 - CMSIS Pack Vendor :STMicroelectronics X-CUBE-MEMS1 12.0.0
2026-03-22 15:39:18,783 [INFO] ThirdParty:1030 - CMSIS Pack Vendor :STMicroelectronics X-CUBE-STSE01 2.0.0
2026-03-22 15:39:18,783 [INFO] ThirdParty:1030 - CMSIS Pack Vendor :STMicroelectronics FreeRTOS 0.0.1
2026-03-22 15:39:18,783 [INFO] ThirdParty:1030 - CMSIS Pack Vendor :STMicroelectronics USB_DEVICE 1.0.0
2026-03-22 15:39:18,783 [INFO] ThirdParty:1030 - CMSIS Pack Vendor :STMicroelectronics STM32_WPAN 1.0.0
2026-03-22 15:39:18,783 [INFO] ThirdParty:1030 - CMSIS Pack Vendor :STMicroelectronics ThreadX 0.0.2
2026-03-22 15:39:18,783 [INFO] ThirdParty:1030 - CMSIS Pack Vendor :STMicroelectronics lwIP 2.0.3
2026-03-22 15:39:18,783 [INFO] ThirdParty:1030 - CMSIS Pack Vendor :STMicroelectronics lwIP 2.1.2
2026-03-22 15:39:18,783 [INFO] ThirdParty:1030 - CMSIS Pack Vendor :STMicroelectronics USB_HOST 1.0.0
2026-03-22 15:39:18,784 [INFO] ThirdParty:1030 - CMSIS Pack Vendor :STMicroelectronics PDM2PCM 3.1.0
2026-03-22 15:39:18,784 [INFO] ThirdParty:1030 - CMSIS Pack Vendor :STMicroelectronics PDM2PCM 3.2.0
2026-03-22 15:39:18,784 [INFO] ThirdParty:1030 - CMSIS Pack Vendor :STMicroelectronics PDM2PCM 3.3.0
2026-03-22 15:39:18,784 [INFO] ThirdParty:841 - exiting critical section [change project]
2026-03-22 15:39:19,156 [INFO] PinOutPanel:1499 - setPackage(No Configuration,No Configuration)
2026-03-22 15:39:19,158 [INFO] PinOutPanel:1499 - setPackage(STM32F407VGTx,LQFP100)
2026-03-22 15:39:19,533 [INFO] UtilMem:75 - Before build in PCC Used Memory: 501099040 Bytes (977272832)
2026-03-22 15:39:20,653 [INFO] UtilMem:75 - After build in PCC Used Memory: 689842720 Bytes (977272832)
2026-03-22 15:39:20,677 [INFO] IPUIPlugin:80 - create IPUIPlugin
2026-03-22 15:39:20,677 [INFO] IPUIPlugin:80 - create IPUIPlugin
2026-03-22 15:39:20,677 [INFO] IPUIPlugin:80 - create IPUIPlugin
2026-03-22 15:39:20,677 [INFO] IPUIPlugin:80 - create IPUIPlugin
2026-03-22 15:39:20,677 [INFO] IPUIPlugin:80 - create IPUIPlugin
2026-03-22 15:39:20,677 [INFO] IPUIPlugin:80 - create IPUIPlugin
2026-03-22 15:39:20,677 [INFO] IPUIPlugin:80 - create IPUIPlugin
2026-03-22 15:39:20,677 [INFO] IPUIPlugin:80 - create IPUIPlugin
2026-03-22 15:39:20,677 [INFO] IPUIPlugin:80 - create IPUIPlugin
2026-03-22 15:39:20,677 [INFO] IPUIPlugin:80 - create IPUIPlugin
2026-03-22 15:39:20,677 [INFO] IPUIPlugin:80 - create IPUIPlugin
2026-03-22 15:39:20,678 [INFO] IPUIPlugin:80 - create IPUIPlugin
2026-03-22 15:39:20,678 [INFO] IPUIPlugin:80 - create IPUIPlugin
2026-03-22 15:39:20,678 [INFO] IPUIPlugin:80 - create IPUIPlugin
2026-03-22 15:39:20,678 [INFO] IPUIPlugin:80 - create IPUIPlugin
2026-03-22 15:39:20,678 [INFO] IPUIPlugin:80 - create IPUIPlugin
2026-03-22 15:39:20,678 [INFO] IPUIPlugin:80 - create IPUIPlugin
2026-03-22 15:39:20,678 [INFO] IPUIPlugin:80 - create IPUIPlugin
2026-03-22 15:39:20,678 [INFO] IPUIPlugin:80 - create IPUIPlugin
2026-03-22 15:39:20,678 [INFO] IPUIPlugin:80 - create IPUIPlugin
2026-03-22 15:39:20,679 [INFO] IPUIPlugin:80 - create IPUIPlugin
2026-03-22 15:39:20,679 [INFO] IPUIPlugin:80 - create IPUIPlugin
2026-03-22 15:39:20,679 [INFO] IPUIPlugin:80 - create IPUIPlugin
2026-03-22 15:39:20,679 [INFO] IPUIPlugin:80 - create IPUIPlugin
2026-03-22 15:39:20,679 [INFO] IPUIPlugin:80 - create IPUIPlugin
2026-03-22 15:39:20,679 [INFO] IPUIPlugin:80 - create IPUIPlugin
2026-03-22 15:39:20,679 [INFO] IPUIPlugin:80 - create IPUIPlugin
2026-03-22 15:39:20,679 [INFO] IPUIPlugin:80 - create IPUIPlugin
2026-03-22 15:39:20,679 [INFO] IPUIPlugin:80 - create IPUIPlugin
2026-03-22 15:39:20,680 [INFO] IPUIPlugin:80 - create IPUIPlugin
2026-03-22 15:39:20,680 [INFO] IPUIPlugin:80 - create IPUIPlugin
2026-03-22 15:39:20,680 [INFO] IPUIPlugin:80 - create IPUIPlugin
2026-03-22 15:39:20,680 [INFO] IPUIPlugin:80 - create IPUIPlugin
2026-03-22 15:39:20,680 [INFO] IPUIPlugin:80 - create IPUIPlugin
2026-03-22 15:39:20,681 [INFO] IPUIPlugin:80 - create IPUIPlugin
2026-03-22 15:39:20,681 [INFO] IPUIPlugin:80 - create IPUIPlugin
2026-03-22 15:39:20,681 [INFO] IPUIPlugin:80 - create IPUIPlugin
2026-03-22 15:39:20,681 [INFO] IPUIPlugin:80 - create IPUIPlugin
2026-03-22 15:39:20,681 [INFO] IPUIPlugin:80 - create IPUIPlugin
2026-03-22 15:39:20,681 [INFO] IPUIPlugin:80 - create IPUIPlugin
2026-03-22 15:39:20,682 [INFO] IPUIPlugin:80 - create IPUIPlugin
2026-03-22 15:39:20,682 [INFO] IPUIPlugin:80 - create IPUIPlugin
2026-03-22 15:39:20,682 [INFO] IPUIPlugin:80 - create IPUIPlugin
2026-03-22 15:39:20,682 [INFO] IPUIPlugin:80 - create IPUIPlugin
2026-03-22 15:39:20,683 [INFO] IPUIPlugin:80 - create IPUIPlugin
2026-03-22 15:39:20,683 [INFO] IPUIPlugin:80 - create IPUIPlugin
2026-03-22 15:39:20,683 [INFO] IPUIPlugin:80 - create IPUIPlugin
2026-03-22 15:39:20,684 [INFO] IPUIPlugin:80 - create IPUIPlugin
2026-03-22 15:39:20,684 [INFO] IPUIPlugin:80 - create IPUIPlugin
2026-03-22 15:39:20,684 [INFO] IPUIPlugin:80 - create IPUIPlugin
2026-03-22 15:39:20,685 [INFO] IPUIPlugin:80 - create IPUIPlugin
2026-03-22 15:39:20,685 [INFO] IPUIPlugin:80 - create IPUIPlugin
2026-03-22 15:39:20,685 [INFO] IPUIPlugin:80 - create IPUIPlugin
2026-03-22 15:39:20,685 [INFO] IPUIPlugin:80 - create IPUIPlugin
2026-03-22 15:39:20,686 [INFO] IPUIPlugin:80 - create IPUIPlugin
2026-03-22 15:39:20,687 [INFO] IPUIPlugin:80 - create IPUIPlugin
2026-03-22 15:39:20,687 [INFO] IPUIPlugin:80 - create IPUIPlugin
2026-03-22 15:39:20,687 [INFO] IPUIPlugin:80 - create IPUIPlugin
2026-03-22 15:39:20,914 [INFO] ApiDbMcu:507 - Load IP Config File for PDM2PCM
2026-03-22 15:39:21,114 [INFO] CADModel:165 - CPN selected for project levelSTM32F407VGT6
2026-03-22 15:39:21,114 [INFO] CADModel:114 - Register for checkConnection events
2026-03-22 15:39:21,157 [INFO] OpenFileManager:328 - Restore cursor
2026-03-22 15:39:21,933 [INFO] UtilMem:75 - End SaveConfig() Used Memory: 632191488 Bytes (977272832)
2026-03-22 15:39:22,024 [INFO] UtilMem:75 - End SaveConfig() Used Memory: 670447784 Bytes (977272832)
2026-03-22 15:39:22,402 [INFO] BlockDiagram:2759 - set Specific Code input for plugin: SYS
2026-03-22 15:39:22,402 [INFO] BlockDiagram:2759 - set Specific Code input for plugin: RCC
2026-03-22 15:39:22,403 [INFO] BlockDiagram:2759 - set Specific Code input for plugin: NVIC
2026-03-22 15:39:22,403 [INFO] BlockDiagram:2759 - set Specific Code input for plugin: GPIO
2026-03-22 15:39:22,404 [INFO] CodeGenerator:799 - code generatio: config db path: C:\ST\STM32CubeIDE_1.13.0\STM32CubeIDE\plugins\com.st.stm32cube.common.mx_6.9.0.202307051724\\db\
2026-03-22 15:39:22,683 [INFO] CodeEngine:255 - oldGeneratedFile, C:\programing\Embedded\projects_stm32\STM32_ClosedLoop_Drive\STM32_ClosedLoop_Drive\STM32F4_MotionCore\MXTmpFiles\license.tmp_save
2026-03-22 15:39:23,058 [INFO] CodeEngine:279 - Generated code: C:\programing\Embedded\projects_stm32\STM32_ClosedLoop_Drive\STM32_ClosedLoop_Drive\STM32F4_MotionCore\MXTmpFiles\license.tmp
2026-03-22 15:39:23,153 [INFO] CodeEngine:255 - oldGeneratedFile, C:\programing\Embedded\projects_stm32\STM32_ClosedLoop_Drive\STM32_ClosedLoop_Drive\STM32F4_MotionCore\MXTmpFiles\gpio.tmp_save
2026-03-22 15:39:23,296 [INFO] CodeEngine:279 - Generated code: C:\programing\Embedded\projects_stm32\STM32_ClosedLoop_Drive\STM32_ClosedLoop_Drive\STM32F4_MotionCore\MXTmpFiles\gpio.tmp
2026-03-22 15:39:23,359 [INFO] CodeEngine:255 - oldGeneratedFile, C:\programing\Embedded\projects_stm32\STM32_ClosedLoop_Drive\STM32_ClosedLoop_Drive\STM32F4_MotionCore\Core\Src\stm32f4xx_it.c_save
2026-03-22 15:39:23,506 [INFO] CodeEngine:279 - Generated code: C:\programing\Embedded\projects_stm32\STM32_ClosedLoop_Drive\STM32_ClosedLoop_Drive\STM32F4_MotionCore\Core\Src\stm32f4xx_it.c
2026-03-22 15:39:23,511 [INFO] CodeEngine:255 - oldGeneratedFile, C:\programing\Embedded\projects_stm32\STM32_ClosedLoop_Drive\STM32_ClosedLoop_Drive\STM32F4_MotionCore\Core\Inc\stm32f4xx_it.h_save
2026-03-22 15:39:23,568 [INFO] CodeEngine:279 - Generated code: C:\programing\Embedded\projects_stm32\STM32_ClosedLoop_Drive\STM32_ClosedLoop_Drive\STM32F4_MotionCore\Core\Inc\stm32f4xx_it.h
2026-03-22 15:39:23,583 [INFO] CodeEngine:255 - oldGeneratedFile, C:\programing\Embedded\projects_stm32\STM32_ClosedLoop_Drive\STM32_ClosedLoop_Drive\STM32F4_MotionCore\Core\Src\stm32f4xx_hal_msp.c_save
2026-03-22 15:39:23,681 [INFO] CodeEngine:279 - Generated code: C:\programing\Embedded\projects_stm32\STM32_ClosedLoop_Drive\STM32_ClosedLoop_Drive\STM32F4_MotionCore\Core\Src\stm32f4xx_hal_msp.c
2026-03-22 15:39:23,685 [INFO] CodeEngine:255 - oldGeneratedFile, C:\programing\Embedded\projects_stm32\STM32_ClosedLoop_Drive\STM32_ClosedLoop_Drive\STM32F4_MotionCore\MXTmpFiles\system.tmp_save
2026-03-22 15:39:23,743 [INFO] CodeEngine:279 - Generated code: C:\programing\Embedded\projects_stm32\STM32_ClosedLoop_Drive\STM32_ClosedLoop_Drive\STM32F4_MotionCore\MXTmpFiles\system.tmp
2026-03-22 15:39:23,752 [INFO] CodeEngine:311 - oldGeneratedFile, C:\programing\Embedded\projects_stm32\STM32_ClosedLoop_Drive\STM32_ClosedLoop_Drive\STM32F4_MotionCore\Core\Inc\stm32f4xx_hal_conf.h_save
2026-03-22 15:39:23,851 [INFO] CodeEngine:335 - Generated code: C:\programing\Embedded\projects_stm32\STM32_ClosedLoop_Drive\STM32_ClosedLoop_Drive\STM32F4_MotionCore\Core\Inc\stm32f4xx_hal_conf.h
2026-03-22 15:39:23,928 [INFO] CodeEngine:255 - oldGeneratedFile, C:\programing\Embedded\projects_stm32\STM32_ClosedLoop_Drive\STM32_ClosedLoop_Drive\STM32F4_MotionCore\Core\Inc\main.h_save
2026-03-22 15:39:24,027 [INFO] CodeEngine:279 - Generated code: C:\programing\Embedded\projects_stm32\STM32_ClosedLoop_Drive\STM32_ClosedLoop_Drive\STM32F4_MotionCore\Core\Inc\main.h
2026-03-22 15:39:24,032 [INFO] CodeEngine:255 - oldGeneratedFile, C:\programing\Embedded\projects_stm32\STM32_ClosedLoop_Drive\STM32_ClosedLoop_Drive\STM32F4_MotionCore\Core\Src\main.c_save
2026-03-22 15:39:24,156 [INFO] CodeEngine:279 - Generated code: C:\programing\Embedded\projects_stm32\STM32_ClosedLoop_Drive\STM32_ClosedLoop_Drive\STM32F4_MotionCore\Core\Src\main.c
2026-03-22 15:39:24,644 [INFO] ProjectBuilder:3064 - Time for Copy HAL[1] : 105mS.
2026-03-22 15:39:24,648 [INFO] ProjectBuilder:4404 - Project Generator version: 4.1.0
2026-03-22 15:39:24,852 [INFO] ConfigFileManager:1457 - The Die is : DIE413
2026-03-22 15:39:24,866 [INFO] ApiDbMcu:507 - Load IP Config File for FATFS
2026-03-22 15:39:24,872 [INFO] ApiDbMcu:507 - Load IP Config File for FREERTOS
2026-03-22 15:39:24,876 [INFO] ApiDbMcu:507 - Load IP Config File for LIBJPEG
2026-03-22 15:39:24,881 [INFO] ApiDbMcu:507 - Load IP Config File for LWIP
2026-03-22 15:39:24,889 [INFO] ApiDbMcu:507 - Load IP Config File for MBEDTLS
2026-03-22 15:39:24,900 [INFO] ApiDbMcu:507 - Load IP Config File for USB_DEVICE
2026-03-22 15:39:24,926 [INFO] ApiDbMcu:507 - Load IP Config File for USB_HOST
2026-03-22 15:39:25,467 [INFO] LogOutputStream:77 - [STDOUT_REDIRECT] 
2026-03-22 15:39:27,152 [INFO] ProjectBuilder:4626 - Time for Generating toolchain IDE Files: 2504mS.
2026-03-22 15:39:27,154 [INFO] ProjectBuilder:2935 - Time for Copy CMSIS : 1mS.
2026-03-22 15:39:27,155 [INFO] ProjectBuilder:2935 - Time for Copy CMSIS : 0mS.
2026-03-22 15:39:28,036 [INFO] McuFinderGlobals:76 - Set McuFinderConnectedMode to true
2026-03-22 15:39:28,129 [INFO] ApiDb:448 - Save user favorites file C:\Users\bogda/.stm32cubeide/favorites.mcus.txt: 0 item(s)
2026-03-22 15:39:28,130 [INFO] ApiDb:452 - User favorites MCUs=[]
2026-03-22 15:42:06,870 [INFO] Gpio:273 - dependency for GPIO []
2026-03-22 15:42:15,952 [INFO] NvicIntPanel:101 - NVIC parent = com.st.microxplorer.plugins.ip.nvic.MultiNvicIntPanel[,2,27,534x472,layout=javax.swing.BoxLayout,alignmentX=0.0,alignmentY=0.0,border=,flags=9,maximumSize=,minimumSize=,preferredSize=]
2026-03-22 15:42:28,433 [INFO] Gpio:273 - dependency for GPIO []
2026-03-22 15:45:53,371 [INFO] CADModel:198 - CPN selected (Project mode): STM32F407VGT6
2026-03-22 15:45:53,371 [INFO] CADModel:200 - Internet connection configuration mode: 1
2026-03-22 15:45:53,371 [INFO] CADModel:203 - rpn retrievedSTM32F407VG
2026-03-22 15:45:53,387 [INFO] JxBrowserEngine:151 - Initiate JxBrowser Engine with user profile folder
2026-03-22 15:45:54,995 [INFO] WebAppUi:272 - Instantiating new browser for Project
2026-03-22 15:45:55,392 [INFO] WebAppUi:1170 - Register for checkConnection events
2026-03-22 15:45:55,392 [INFO] WebAppUi:1205 - Apply proxy settings
2026-03-22 15:45:55,392 [INFO] WebAppUi:1243 - Chromium requires no authentication
2026-03-22 15:45:55,399 [INFO] WebAppUi:1229 - Direct internet connection detected
2026-03-22 15:45:55,538 [INFO] WebAppUi:297 - Starting web application
2026-03-22 15:45:55,538 [INFO] WebAppUi:1101 - Web application path used C:\ST\STM32CubeIDE_1.13.0\STM32CubeIDE\plugins\com.st.stm32cube.common.mx_6.9.0.202307051724\db\plugins\mcufinder\reactClient\index.html
2026-03-22 15:45:55,606 [INFO] WebAppUi:870 - Path where api_config.json is located C:\Users\bogda\.stmcufinder\plugins\mcufinder//mcu/api_config.json
2026-03-22 15:45:55,606 [INFO] WebAppUi:871 - Setting api config in window object
2026-03-22 15:45:55,638 [INFO] WebAppUi:879 - Path where cad_preferences.json is located C:\Users\bogda/.stm32cubeide/
2026-03-22 15:45:55,638 [INFO] WebAppUi:880 - Setting consent info in window object
2026-03-22 15:45:56,904 [INFO] WebAppUi:775 - Allow Downloads
2026-03-22 15:45:56,905 [INFO] WebAppUi:272 - Instantiating new browser for Finder
2026-03-22 15:45:56,987 [INFO] WebAppUi:1035 - Web application message: [UlApiManager component] Connecting to SSO
2026-03-22 15:45:57,010 [INFO] WebAppUi:1170 - Register for checkConnection events
2026-03-22 15:45:57,010 [INFO] WebAppUi:1205 - Apply proxy settings
2026-03-22 15:45:57,010 [INFO] WebAppUi:1243 - Chromium requires no authentication
2026-03-22 15:45:57,010 [INFO] WebAppUi:1229 - Direct internet connection detected
2026-03-22 15:45:57,013 [INFO] WebAppUi:297 - Starting web application
2026-03-22 15:45:57,014 [INFO] WebAppUi:1101 - Web application path used C:\ST\STM32CubeIDE_1.13.0\STM32CubeIDE\plugins\com.st.stm32cube.common.mx_6.9.0.202307051724\db\plugins\mcufinder\reactClient\index.html
2026-03-22 15:45:57,022 [INFO] WebAppUi:870 - Path where api_config.json is located C:\Users\bogda\.stmcufinder\plugins\mcufinder//mcu/api_config.json
2026-03-22 15:45:57,022 [INFO] WebAppUi:871 - Setting api config in window object
2026-03-22 15:45:57,044 [INFO] WebAppUi:879 - Path where cad_preferences.json is located C:\Users\bogda/.stm32cubeide/
2026-03-22 15:45:57,044 [INFO] WebAppUi:880 - Setting consent info in window object
2026-03-22 15:45:57,475 [INFO] WebAppUi:775 - Allow Downloads
2026-03-22 15:45:57,475 [INFO] WebAppUi:596 - RPN selected STM32F407VG
2026-03-22 15:45:57,475 [INFO] WebAppUi:597 - RefName selected STM32F407VGTx
2026-03-22 15:45:57,475 [INFO] WebAppUi:598 - CPN selected STM32F407VGT6
2026-03-22 15:45:57,478 [INFO] WebAppUi:761 - Which Bigleton in use 2 and which CPN is about STM32F407VGT6
2026-03-22 15:45:57,480 [INFO] WebAppUi:635 - Have injected Javascript into web application
2026-03-22 15:45:57,480 [INFO] WebAppUiContainer:153 - Web application run mode: Project CPN: STM32F407VGT6
2026-03-22 15:45:57,614 [INFO] WebAppUi:1035 - Web application message: [UlApiManager component] Connecting to SSO
2026-03-22 15:45:57,703 [INFO] WebAppUi:1035 - Web application message: [UlApiManager component] Connected to Ultra Librarian SSO
2026-03-22 15:45:57,704 [INFO] WebAppUi:1035 - Web application message: [UlApiManager component] Connected to Ultra Librarian API
2026-03-22 15:45:58,282 [INFO] WebAppUi:1035 - Web application message: [UlApiManager component] Connected to Ultra Librarian SSO
2026-03-22 15:45:58,284 [INFO] WebAppUi:1035 - Web application message: [UlApiManager component] Connected to Ultra Librarian API
2026-03-22 15:45:58,985 [INFO] WebAppUi:1035 - Web application message: CAD resources feature launch attempt
2026-03-22 15:46:00,238 [INFO] WebAppUi:1035 - Web application message: Project naming
2026-03-22 15:46:00,830 [INFO] WebAppUi:870 - Path where api_config.json is located C:\Users\bogda\.stmcufinder\plugins\mcufinder//mcu/api_config.json
2026-03-22 15:46:00,830 [INFO] WebAppUi:871 - Setting api config in window object
2026-03-22 15:46:00,853 [INFO] WebAppUi:879 - Path where cad_preferences.json is located C:\Users\bogda/.stm32cubeide/
2026-03-22 15:46:00,853 [INFO] WebAppUi:880 - Setting consent info in window object
2026-03-22 15:46:08,205 [INFO] WebAppUi:241 - Path where cad_preferences.json is located C:\Users\bogda/.stm32cubeide/
2026-03-22 15:46:08,205 [INFO] WebAppUi:242 - Updating consent from JSON file
2026-03-22 15:46:08,206 [INFO] WebAppUi:241 - Path where cad_preferences.json is located C:\Users\bogda/.stm32cubeide/
2026-03-22 15:46:08,206 [INFO] WebAppUi:242 - Updating consent from JSON file
2026-03-22 15:46:09,466 [INFO] WebAppUi:1035 - Web application message: CAD family uin use Altium
2026-03-22 15:50:05,784 [INFO] UtilMem:75 - End SaveConfig() Used Memory: 713926424 Bytes (1073741824)
2026-03-22 15:50:07,722 [INFO] UtilMem:75 - End SaveConfig() Used Memory: 743808792 Bytes (1073741824)
2026-03-22 15:50:08,840 [INFO] UtilMem:75 - End SaveConfig() Used Memory: 789423896 Bytes (1073741824)
2026-03-22 15:50:08,968 [INFO] BlockDiagram:2759 - set Specific Code input for plugin: SDIO
2026-03-22 15:50:08,968 [INFO] BlockDiagram:2759 - set Specific Code input for plugin: SYS
2026-03-22 15:50:08,968 [INFO] BlockDiagram:2759 - set Specific Code input for plugin: RCC
2026-03-22 15:50:08,968 [INFO] BlockDiagram:2759 - set Specific Code input for plugin: NVIC
2026-03-22 15:50:08,968 [INFO] BlockDiagram:2759 - set Specific Code input for plugin: GPIO
2026-03-22 15:50:08,969 [INFO] CodeGenerator:799 - code generatio: config db path: C:\ST\STM32CubeIDE_1.13.0\STM32CubeIDE\plugins\com.st.stm32cube.common.mx_6.9.0.202307051724\\db\
2026-03-22 15:50:09,034 [INFO] CodeEngine:255 - oldGeneratedFile, C:\programing\Embedded\projects_stm32\STM32_ClosedLoop_Drive\STM32_ClosedLoop_Drive\STM32F4_MotionCore\MXTmpFiles\license.tmp_save
2026-03-22 15:50:09,117 [INFO] CodeEngine:279 - Generated code: C:\programing\Embedded\projects_stm32\STM32_ClosedLoop_Drive\STM32_ClosedLoop_Drive\STM32F4_MotionCore\MXTmpFiles\license.tmp
2026-03-22 15:50:09,155 [INFO] CodeEngine:255 - oldGeneratedFile, C:\programing\Embedded\projects_stm32\STM32_ClosedLoop_Drive\STM32_ClosedLoop_Drive\STM32F4_MotionCore\MXTmpFiles\gpio.tmp_save
2026-03-22 15:50:09,261 [INFO] CodeEngine:279 - Generated code: C:\programing\Embedded\projects_stm32\STM32_ClosedLoop_Drive\STM32_ClosedLoop_Drive\STM32F4_MotionCore\MXTmpFiles\gpio.tmp
2026-03-22 15:50:09,352 [INFO] CodeEngine:255 - oldGeneratedFile, C:\programing\Embedded\projects_stm32\STM32_ClosedLoop_Drive\STM32_ClosedLoop_Drive\STM32F4_MotionCore\Core\Src\stm32f4xx_it.c_save
2026-03-22 15:50:09,542 [INFO] CodeEngine:279 - Generated code: C:\programing\Embedded\projects_stm32\STM32_ClosedLoop_Drive\STM32_ClosedLoop_Drive\STM32F4_MotionCore\Core\Src\stm32f4xx_it.c
2026-03-22 15:50:09,549 [INFO] CodeEngine:255 - oldGeneratedFile, C:\programing\Embedded\projects_stm32\STM32_ClosedLoop_Drive\STM32_ClosedLoop_Drive\STM32F4_MotionCore\Core\Inc\stm32f4xx_it.h_save
2026-03-22 15:50:09,618 [INFO] CodeEngine:279 - Generated code: C:\programing\Embedded\projects_stm32\STM32_ClosedLoop_Drive\STM32_ClosedLoop_Drive\STM32F4_MotionCore\Core\Inc\stm32f4xx_it.h
2026-03-22 15:50:09,638 [INFO] CodeEngine:255 - oldGeneratedFile, C:\programing\Embedded\projects_stm32\STM32_ClosedLoop_Drive\STM32_ClosedLoop_Drive\STM32F4_MotionCore\Core\Src\stm32f4xx_hal_msp.c_save
2026-03-22 15:50:09,746 [INFO] CodeEngine:279 - Generated code: C:\programing\Embedded\projects_stm32\STM32_ClosedLoop_Drive\STM32_ClosedLoop_Drive\STM32F4_MotionCore\Core\Src\stm32f4xx_hal_msp.c
2026-03-22 15:50:09,753 [INFO] CodeEngine:255 - oldGeneratedFile, C:\programing\Embedded\projects_stm32\STM32_ClosedLoop_Drive\STM32_ClosedLoop_Drive\STM32F4_MotionCore\MXTmpFiles\system.tmp_save
2026-03-22 15:50:09,789 [INFO] CodeEngine:279 - Generated code: C:\programing\Embedded\projects_stm32\STM32_ClosedLoop_Drive\STM32_ClosedLoop_Drive\STM32F4_MotionCore\MXTmpFiles\system.tmp
2026-03-22 15:50:09,801 [INFO] CodeEngine:255 - oldGeneratedFile, C:\programing\Embedded\projects_stm32\STM32_ClosedLoop_Drive\STM32_ClosedLoop_Drive\STM32F4_MotionCore\Core\Src\stm32f4xx_hal_timebase_tim.c_save
2026-03-22 15:50:09,872 [INFO] CodeEngine:279 - Generated code: C:\programing\Embedded\projects_stm32\STM32_ClosedLoop_Drive\STM32_ClosedLoop_Drive\STM32F4_MotionCore\Core\Src\stm32f4xx_hal_timebase_tim.c
2026-03-22 15:50:09,887 [INFO] CodeEngine:311 - oldGeneratedFile, C:\programing\Embedded\projects_stm32\STM32_ClosedLoop_Drive\STM32_ClosedLoop_Drive\STM32F4_MotionCore\Core\Inc\stm32f4xx_hal_conf.h_save
2026-03-22 15:50:09,968 [INFO] CodeEngine:335 - Generated code: C:\programing\Embedded\projects_stm32\STM32_ClosedLoop_Drive\STM32_ClosedLoop_Drive\STM32F4_MotionCore\Core\Inc\stm32f4xx_hal_conf.h
2026-03-22 15:50:10,010 [INFO] CodeEngine:255 - oldGeneratedFile, C:\programing\Embedded\projects_stm32\STM32_ClosedLoop_Drive\STM32_ClosedLoop_Drive\STM32F4_MotionCore\Core\Inc\main.h_save
2026-03-22 15:50:10,105 [INFO] CodeEngine:279 - Generated code: C:\programing\Embedded\projects_stm32\STM32_ClosedLoop_Drive\STM32_ClosedLoop_Drive\STM32F4_MotionCore\Core\Inc\main.h
2026-03-22 15:50:10,118 [INFO] CodeEngine:255 - oldGeneratedFile, C:\programing\Embedded\projects_stm32\STM32_ClosedLoop_Drive\STM32_ClosedLoop_Drive\STM32F4_MotionCore\Core\Src\main.c_save
2026-03-22 15:50:10,241 [INFO] CodeEngine:279 - Generated code: C:\programing\Embedded\projects_stm32\STM32_ClosedLoop_Drive\STM32_ClosedLoop_Drive\STM32F4_MotionCore\Core\Src\main.c
2026-03-22 15:50:10,708 [INFO] ProjectBuilder:3064 - Time for Copy HAL[1] : 208mS.
2026-03-22 15:50:10,710 [INFO] ProjectBuilder:4404 - Project Generator version: 4.1.0
2026-03-22 15:50:10,844 [INFO] ConfigFileManager:1457 - The Die is : DIE413
2026-03-22 15:50:12,259 [INFO] ProjectBuilder:4626 - Time for Generating toolchain IDE Files: 1549mS.
2026-03-22 15:50:12,259 [INFO] ProjectBuilder:2935 - Time for Copy CMSIS : 0mS.
2026-03-22 15:50:12,261 [INFO] ProjectBuilder:2935 - Time for Copy CMSIS : 0mS.
2026-03-22 15:51:10,823 [INFO] WebAppUi:241 - Path where cad_preferences.json is located C:\Users\bogda/.stm32cubeide/
2026-03-22 15:51:10,823 [INFO] WebAppUi:242 - Updating consent from JSON file
2026-03-22 15:51:11,482 [INFO] WebAppUi:430 - JxBrowser engine has been closed 
2026-03-22 15:51:11,483 [INFO] WebAppUi:467 - Close the Jxbrowser engine manually
2026-03-22 15:51:12,107 [ERROR] LogOutputStream:75 - [STDERR_REDIRECT] 
2026-03-22 15:56:46,725 [INFO] Activator:176 - 


2026-03-22 15:56:46,727 [INFO] Activator:177 - !SESSION log4j initialized
2026-03-22 15:56:49,442 [INFO] LogOutputStream:77 - [STDOUT_REDIRECT] 
